#
# A fatal error has been detected by the Java Runtime Environment:
#
#  SIGBUS (0xa) at pc=0x0000000101a400b4, pid=27949, tid=9731
#
# JRE version: OpenJDK Runtime Environment Zulu13.44+13-CA (13.0.9+3) (build 13.0.9+3-MTS)
# Java VM: OpenJDK 64-Bit Server VM Zulu13.44+13-CA (13.0.9+3-MTS, mixed mode, tiered, compressed oops, g1 gc, bsd-aarch64)
# Problematic frame:
# V  [libjvm.dylib+0x6e00b4]  _ZN21MarkActivationClosure12do_code_blobEP8CodeBlob+0x3c
#
# No core dump will be written. Core dumps have been disabled. To enable core dumping, try "ulimit -c unlimited" before starting Java again
#
# If you would like to submit a bug report, please visit:
#   http://www.azul.com/support/
#

---------------  S U M M A R Y ------------

Command Line: -agentlib:jdwp=transport=dt_socket,address=127.0.0.1:58769,suspend=y,server=n -XX:TieredStopAtLevel=1 -Xverify:none -Dspring.output.ansi.enabled=always -javaagent:/Users/leonidsolanoj/Library/Caches/JetBrains/IntelliJIdea2021.1/captureAgent/debugger-agent.jar -Dcom.sun.management.jmxremote -Dspring.jmx.enabled=true -Dspring.liveBeansView.mbeanDomain -Dspring.application.admin.enabled=true -Dfile.encoding=UTF-8 online.jutter.smartcity.SmartcityApplicationKt

Host: MacBookAir10,1 arm64 1 MHz, 8 cores, 16G, Darwin 21.3.0
Time: Fri Jul 15 08:30:59 2022 MSK elapsed time: 1.336242 seconds (0d 0h 0m 1s)

---------------  T H R E A D  ---------------

Current thread (0x0000000137809000):  JavaThread "main" [_thread_in_vm, id=9731, stack(0x000000016fa10000,0x000000016fc13000)]

Stack: [0x000000016fa10000,0x000000016fc13000],  sp=0x000000016fc10250,  free space=2048k
Native frames: (J=compiled Java code, A=aot compiled Java code, j=interpreted, Vv=VM code, C=native code)
V  [libjvm.dylib+0x6e00b4]  _ZN21MarkActivationClosure12do_code_blobEP8CodeBlob+0x3c
V  [libjvm.dylib+0x70e8dc]  _ZN10JavaThread11nmethods_doEP15CodeBlobClosure+0x80
V  [libjvm.dylib+0x2e01a0]  _ZN25HandshakeThreadsOperation12do_handshakeEP10JavaThread+0xcc
V  [libjvm.dylib+0x2e0544]  _ZN14HandshakeState18process_self_innerEP10JavaThread+0x110
V  [libjvm.dylib+0x624adc]  _ZN18SafepointMechanism18block_or_handshakeEP10JavaThread+0x60
V  [libjvm.dylib+0x624b04]  _ZN18SafepointMechanism23block_if_requested_slowEP10JavaThread+0x18
V  [libjvm.dylib+0x70e0b4]  _ZN10JavaThread44check_safepoint_and_suspend_for_native_transEPS_+0x74
V  [libjvm.dylib+0x4897a4]  _ZN8JvmtiEnv21GetThreadLocalStorageEP8_jobjectPPv+0xb8
C  [libjdwp.dylib+0x1eb58]  findThread+0x84
C  [libjdwp.dylib+0x20898]  threadControl_clearCLEInfo+0x34
C  [libjdwp.dylib+0x16f24]  reportEvents+0x13c
C  [libjdwp.dylib+0x16b74]  event_callback+0x2fc
C  [libjdwp.dylib+0x14af8]  cbClassPrepare+0xc0
V  [libjvm.dylib+0x498ab4]  _ZN11JvmtiExport18post_class_prepareEP10JavaThreadP5Klass+0x1c0
V  [libjvm.dylib+0x305ed0]  _ZN13InstanceKlass15link_class_implEP6Thread+0x324
V  [libjvm.dylib+0x306004]  _ZN13InstanceKlass15initialize_implEP6Thread+0x54
V  [libjvm.dylib+0x316c2c]  _ZN18InterpreterRuntime4_newEP10JavaThreadP12ConstantPooli+0x84
j  com.google.gson.GsonBuilder.create()Lcom/google/gson/Gson;+85
j  org.springframework.boot.autoconfigure.gson.GsonAutoConfiguration.gson(Lcom/google/gson/GsonBuilder;)Lcom/google/gson/Gson;+1
v  ~StubRoutines::call_stub
V  [libjvm.dylib+0x31eaa8]  _ZN9JavaCalls11call_helperEP9JavaValueRK12methodHandleP17JavaCallArgumentsP6Thread+0x2f4
V  [libjvm.dylib+0x60f148]  _ZL6invokeP13InstanceKlassRK12methodHandle6Handleb14objArrayHandle9BasicTypeS5_bP6Thread+0x4e0
V  [libjvm.dylib+0x60ebf4]  _ZN10Reflection13invoke_methodEP7oopDesc6Handle14objArrayHandleP6Thread+0x108
V  [libjvm.dylib+0x3b4bf4]  JVM_InvokeMethod+0x270
J 2301  jdk.internal.reflect.NativeMethodAccessorImpl.invoke0(Ljava/lang/reflect/Method;Ljava/lang/Object;[Ljava/lang/Object;)Ljava/lang/Object; java.base@13.0.9 (0 bytes) @ 0x000000010a5332f0 [0x000000010a533240+0x00000000000000b0]

[error occurred during error reporting (printing native stack), id 0xb, SIGSEGV (0xb) at pc=0x00000001018c3d5c]

Java frames: (J=compiled Java code, j=interpreted, Vv=VM code)
j  com.google.gson.GsonBuilder.create()Lcom/google/gson/Gson;+85
j  org.springframework.boot.autoconfigure.gson.GsonAutoConfiguration.gson(Lcom/google/gson/GsonBuilder;)Lcom/google/gson/Gson;+1
v  ~StubRoutines::call_stub
J 2301  jdk.internal.reflect.NativeMethodAccessorImpl.invoke0(Ljava/lang/reflect/Method;Ljava/lang/Object;[Ljava/lang/Object;)Ljava/lang/Object; java.base@13.0.9 (0 bytes) @ 0x000000010a5332f4 [0x000000010a533240+0x00000000000000b4]
J 2300 c1 jdk.internal.reflect.NativeMethodAccessorImpl.invoke(Ljava/lang/Object;[Ljava/lang/Object;)Ljava/lang/Object; java.base@13.0.9 (104 bytes) @ 0x000000010a533a78 [0x000000010a533740+0x0000000000000338]
J 2318 c1 jdk.internal.reflect.DelegatingMethodAccessorImpl.invoke(Ljava/lang/Object;[Ljava/lang/Object;)Ljava/lang/Object; java.base@13.0.9 (10 bytes) @ 0x000000010a53cec8 [0x000000010a53ce40+0x0000000000000088]
J 2195 c1 java.lang.reflect.Method.invoke(Ljava/lang/Object;[Ljava/lang/Object;)Ljava/lang/Object; java.base@13.0.9 (65 bytes) @ 0x000000010a4f4ce0 [0x000000010a4f4bc0+0x0000000000000120]
j  org.springframework.beans.factory.support.SimpleInstantiationStrategy.instantiate(Lorg/springframework/beans/factory/support/RootBeanDefinition;Ljava/lang/String;Lorg/springframework/beans/factory/BeanFactory;Ljava/lang/Object;Ljava/lang/reflect/Method;[Ljava/lang/Object;)Ljava/lang/Object;+50
j  org.springframework.beans.factory.support.ConstructorResolver.instantiate(Ljava/lang/String;Lorg/springframework/beans/factory/support/RootBeanDefinition;Ljava/lang/Object;Ljava/lang/reflect/Method;[Ljava/lang/Object;)Ljava/lang/Object;+48
j  org.springframework.beans.factory.support.ConstructorResolver.instantiateUsingFactoryMethod(Ljava/lang/String;Lorg/springframework/beans/factory/support/RootBeanDefinition;[Ljava/lang/Object;)Lorg/springframework/beans/BeanWrapper;+1565
j  org.springframework.beans.factory.support.AbstractAutowireCapableBeanFactory.instantiateUsingFactoryMethod(Ljava/lang/String;Lorg/springframework/beans/factory/support/RootBeanDefinition;[Ljava/lang/Object;)Lorg/springframework/beans/BeanWrapper;+11
j  org.springframework.beans.factory.support.AbstractAutowireCapableBeanFactory.createBeanInstance(Ljava/lang/String;Lorg/springframework/beans/factory/support/RootBeanDefinition;[Ljava/lang/Object;)Lorg/springframework/beans/BeanWrapper;+102
j  org.springframework.beans.factory.support.AbstractAutowireCapableBeanFactory.doCreateBean(Ljava/lang/String;Lorg/springframework/beans/factory/support/RootBeanDefinition;[Ljava/lang/Object;)Ljava/lang/Object;+34
j  org.springframework.beans.factory.support.AbstractAutowireCapableBeanFactory.createBean(Ljava/lang/String;Lorg/springframework/beans/factory/support/RootBeanDefinition;[Ljava/lang/Object;)Ljava/lang/Object;+169
j  org.springframework.beans.factory.support.AbstractBeanFactory.lambda$doGetBean$0(Ljava/lang/String;Lorg/springframework/beans/factory/support/RootBeanDefinition;[Ljava/lang/Object;)Ljava/lang/Object;+4
j  org.springframework.beans.factory.support.AbstractBeanFactory$$Lambda$305.getObject()Ljava/lang/Object;+16
j  org.springframework.beans.factory.support.DefaultSingletonBeanRegistry.getSingleton(Ljava/lang/String;Lorg/springframework/beans/factory/ObjectFactory;)Ljava/lang/Object;+132
J 2606 c1 org.springframework.beans.factory.support.AbstractBeanFactory.doGetBean(Ljava/lang/String;Ljava/lang/Class;[Ljava/lang/Object;Z)Ljava/lang/Object; (832 bytes) @ 0x000000010a5c24fc [0x000000010a5c1fc0+0x000000000000053c]
J 3658 c1 org.springframework.beans.factory.support.AbstractBeanFactory.getBean(Ljava/lang/String;)Ljava/lang/Object; (9 bytes) @ 0x000000010a7ec9b8 [0x000000010a7ec940+0x0000000000000078]
j  org.springframework.beans.factory.support.DefaultListableBeanFactory.preInstantiateSingletons()V+248
j  org.springframework.context.support.AbstractApplicationContext.finishBeanFactoryInitialization(Lorg/springframework/beans/factory/config/ConfigurableListableBeanFactory;)V+124
j  org.springframework.context.support.AbstractApplicationContext.refresh()V+86
j  org.springframework.boot.web.servlet.context.ServletWebServerApplicationContext.refresh()V+1
j  org.springframework.boot.SpringApplication.refresh(Lorg/springframework/context/ConfigurableApplicationContext;)V+1
j  org.springframework.boot.SpringApplication.refreshContext(Lorg/springframework/context/ConfigurableApplicationContext;)V+16
j  org.springframework.boot.SpringApplication.run([Ljava/lang/String;)Lorg/springframework/context/ConfigurableApplicationContext;+107
j  org.springframework.boot.SpringApplication.run([Ljava/lang/Class;[Ljava/lang/String;)Lorg/springframework/context/ConfigurableApplicationContext;+9
j  org.springframework.boot.SpringApplication.run(Ljava/lang/Class;[Ljava/lang/String;)Lorg/springframework/context/ConfigurableApplicationContext;+9
j  online.jutter.smartcity.SmartcityApplicationKt.main([Ljava/lang/String;)V+29
v  ~StubRoutines::call_stub

siginfo: si_signo: 10 (SIGBUS), si_code: 1 (BUS_ADRALN), si_addr: 0x000000010a5331d8

Register to memory mapping:

 x0=0x0000000101cdc878: _ZL23mark_activation_closure+0 in /Users/leonidsolanoj/Library/Java/JavaVirtualMachines/azul-13.0.9/Contents/Home/lib/server/libjvm.dylib at 0x0000000101360000
 x1=0x000000010a533090 is at entry_point+-432 in (nmethod*)0x000000010a533090
 x2=0x0000000101a40078: _ZN21MarkActivationClosure12do_code_blobEP8CodeBlob+0 in /Users/leonidsolanoj/Library/Java/JavaVirtualMachines/azul-13.0.9/Contents/Home/lib/server/libjvm.dylib at 0x0000000101360000
 x3=0x00000001371043ac points into unknown readable memory: 00 00 00 00
 x4=0x00000001a19dcccf: __vfprintf.xdigs_lower+0 in /usr/lib/system/libsystem_c.dylib at 0x00000001a1961000
 x5=0x000000016fc10960 is pointing into the stack for thread: 0x0000000137809000
 x6=0x0000000000000065 is an unknown value
 x7=0x00006000034c7fa0 points into unknown readable memory: 00 84 00 37 01 00 00 00
 x8=0x0000000101c89000: _ZN12StubRoutines6_code2E+0 in /Users/leonidsolanoj/Library/Java/JavaVirtualMachines/azul-13.0.9/Contents/Home/lib/server/libjvm.dylib at 0x0000000101360000
 x9=0x00000000000001e0 is an unknown value
x10=0x0000000000007c61 is an unknown value
x11=0x0000000100820000 points into unknown readable memory: 00 01 02 03 04 05 06 00
x12=0x0000000000007c61 is an unknown value
x13=0x0 is NULL
x14=0x0000000000000010 is an unknown value
x15=0x00000000000a8000 is an unknown value
x16=0x00000001a18b1db4: free+0 in /usr/lib/system/libsystem_malloc.dylib at 0x00000001a18b0000
x17=0x00000001fc2cdb88: <offset 0x5a96cb88> in /usr/lib/system/libsystem_c.dylib at 0x00000001a1961000
x18=0x0 is NULL
x19=0x000000010a533090 is at entry_point+-432 in (nmethod*)0x000000010a533090
x20=0x0000000137809000 is a thread
x21=0x000000016fc102a0 is pointing into the stack for thread: 0x0000000137809000
x22=0x0000000101c89008: _ZN12StubRoutines25_call_stub_return_addressE+0 in /Users/leonidsolanoj/Library/Java/JavaVirtualMachines/azul-13.0.9/Contents/Home/lib/server/libjvm.dylib at 0x0000000101360000
x23=0x0000000135707340 points into unknown readable memory: 68 62 30 c0 06 00 00 00
x24=0x00000001a1aa4530: tlv_get_addr+0 in /usr/lib/system/libdyld.dylib at 0x00000001a1aa3000
x25=0x0 is NULL
x26=0x0000000000000007 is an unknown value
x27=0x00000001007c91d2: <offset 0x2d1d2> in /Users/leonidsolanoj/Library/Java/JavaVirtualMachines/azul-13.0.9/Contents/Home/lib/libjdwp.dylib at 0x000000010079c000
x28=0x0 is NULL


Registers:
 x0=0x0000000101cdc878  x1=0x000000010a533090  x2=0x0000000101a40078  x3=0x00000001371043ac
 x4=0x00000001a19dcccf  x5=0x000000016fc10960  x6=0x0000000000000065  x7=0x00006000034c7fa0
 x8=0x0000000101c89000  x9=0x00000000000001e0 x10=0x0000000000007c61 x11=0x0000000100820000
x12=0x0000000000007c61 x13=0x0000000000000000 x14=0x0000000000000010 x15=0x00000000000a8000
x16=0x00000001a18b1db4 x17=0x00000001fc2cdb88 x18=0x0000000000000000 x19=0x000000010a533090
x20=0x0000000137809000 x21=0x000000016fc102a0 x22=0x0000000101c89008 x23=0x0000000135707340
x24=0x00000001a1aa4530 x25=0x0000000000000000 x26=0x0000000000000007 x27=0x00000001007c91d2
x28=0x0000000000000000  fp=0x000000016fc10260  lr=0x0000000101a6e8dc  sp=0x000000016fc10250
pc=0x0000000101a400b4 cpsr=0x0000000080001000
Top of Stack: (sp=0x000000016fc10250)
0x000000016fc10250:   0000000137809000 0000000101cdc878
0x000000016fc10260:   000000016fc10950 0000000101a6e8dc
0x000000016fc10270:   000000016fc11850 000000010a5332f4
0x000000016fc10280:   000000010a533090 0000000100000000
0x000000016fc10290:   0000000000000000 000000016fc11850
0x000000016fc102a0:   000000016fc11688 00000001a19dcccf
0x000000016fc102b0:   000000016fc1056b 000000016fc10444
0x000000016fc102c0:   000000006fc11698 000000016fc1056a
0x000000016fc102d0:   0000000101b06461 000000016fc104b7
0x000000016fc102e0:   00000001a19de901 0000000000000001
0x000000016fc102f0:   0000000000000001 0000000000000001
0x000000016fc10300:   000000016fc116b8 000000016fc10568
0x000000016fc10310:   000000016fc10758 0000000000000000
0x000000016fc10320:   00000001fb104b68 0000000000000000
0x000000016fc10330:   0000000000000001 000000000000003c
0x000000016fc10340:   0000000000000005 000000016fc105ea
0x000000016fc10350:   000000016fc116e0 0000000000000005
0x000000016fc10360:   000000000000003c 0000000000000003
0x000000016fc10370:   ffffffffffffffff 0000000100000000
0x000000016fc10380:   000000016fc103a8 000000016fc10960
0x000000016fc10390:   0000000000000000 0000000101b3aad3
0x000000016fc103a0:   000000016fc10758 000000016fc103b8
0x000000016fc103b0:   0000000000000000 0000000101b0647e
0x000000016fc103c0:   0000000000000010 0000000101ae93f3
0x000000016fc103d0:   0000000000000005 000000016fc1055f
0x000000016fc103e0:   0000000000000009 000000016fc10574
0x000000016fc103f0:   000000006fc11798 000000016fc1069a
0x000000016fc10400:   0000000101b3aac4 000000016fc105e7
0x000000016fc10410:   00000001a19de901 0000000000000001
0x000000016fc10420:   0000000000000001 0000000000000001
0x000000016fc10430:   000000016fc117b8 580000016fc10698
0x000000016fc10440:   000000016fc10888 0000000000000000 

Instructions: (pc=0x0000000101a400b4)
0x0000000101a3ffb4:   fd41dd00 5e61d800 90000908 fd46dd01
0x0000000101a3ffc4:   1e611800 fd0003e0 90000821 91079c21
0x0000000101a3ffd4:   aa1303e0 97fb5b38 d0001248 f941bd08
0x0000000101a3ffe4:   f90003e8 90000821 91085021 aa1303e0
0x0000000101a3fff4:   97fb5b31 d0001248 f941d108 b0001249
0x0000000101a40004:   f941d529 a90027e8 f0000801 9108ec21
0x0000000101a40014:   aa1303e0 97fb5b28 b0001248 f941d908
0x0000000101a40024:   d34afd08 f90003e8 f0000801 9109ec21
0x0000000101a40034:   aa1303e0 97fb5b20 aa1403e0 a9427bfd
0x0000000101a40044:   a9414ff4 9100c3ff 17fb6211 a9bf7bfd
0x0000000101a40054:   910003fd d2800000 a8c17bfd d65f03c0
0x0000000101a40064:   a9bf7bfd 910003fd d2800000 a8c17bfd
0x0000000101a40074:   d65f03c0 a9be4ff4 a9017bfd 910043fd
0x0000000101a40084:   aa0103f3 b0001248 b9439d09 35000129
0x0000000101a40094:   f0000f29 d503201f f9447529 d354fd2a
0x0000000101a400a4:   531f794a f144013f 1a9f2549 b9039d09
0x0000000101a400b4:   b9014a69 f9400268 f9404108 aa1303e0
0x0000000101a400c4:   d63f0100 340000a0 aa1303e0 a9417bfd
0x0000000101a400d4:   a8c24ff4 17faa704 a9417bfd a8c24ff4
0x0000000101a400e4:   d65f03c0 a9bf7bfd 910003fd b0001248
0x0000000101a400f4:   b9439d09 35000129 f0000f29 d503201f
0x0000000101a40104:   f9447529 d354fd2a 531f794a f144013f
0x0000000101a40114:   1a9f2549 b9039d09 b9014829 a8c17bfd
0x0000000101a40124:   d65f03c0 a9be4ff4 a9017bfd 910043fd
0x0000000101a40134:   aa0103f3 aa0003f4 f9400028 f9402108
0x0000000101a40144:   aa0103e0 d63f0100 340000c0 f9400268
0x0000000101a40154:   f9402908 aa1303e0 d63f0100 36000080
0x0000000101a40164:   a9417bfd a8c24ff4 d65f03c0 f9400681
0x0000000101a40174:   f9400268 f9406902 aa1303e0 a9417bfd
0x0000000101a40184:   a8c24ff4 d61f0040 a9bf7bfd 910003fd
0x0000000101a40194:   f9400c01 52800020 a8c17bfd 1400bdbb
0x0000000101a401a4:   a9be4ff4 a9017bfd 910043fd 39404008 


Stack slot to memory mapping:
stack at sp + 0 slots: 0x0000000137809000 is a thread
stack at sp + 1 slots: 0x0000000101cdc878: _ZL23mark_activation_closure+0 in /Users/leonidsolanoj/Library/Java/JavaVirtualMachines/azul-13.0.9/Contents/Home/lib/server/libjvm.dylib at 0x0000000101360000
stack at sp + 2 slots: 0x000000016fc10950 is pointing into the stack for thread: 0x0000000137809000
stack at sp + 3 slots: 0x0000000101a6e8dc: _ZN10JavaThread11nmethods_doEP15CodeBlobClosure+0x80 in /Users/leonidsolanoj/Library/Java/JavaVirtualMachines/azul-13.0.9/Contents/Home/lib/server/libjvm.dylib at 0x0000000101360000
stack at sp + 4 slots: 0x000000016fc11850 is pointing into the stack for thread: 0x0000000137809000
stack at sp + 5 slots: 0x000000010a5332f4 is at entry_point+180 in (nmethod*)0x000000010a533090
stack at sp + 6 slots: 0x000000010a533090 is at entry_point+-432 in (nmethod*)0x000000010a533090
stack at sp + 7 slots: 0x0000000100000000 is an unknown value


---------------  P R O C E S S  ---------------

Threads class SMR info:
_java_thread_list=0x00006000035a5ce0, length=18, elements={
0x0000000137809000, 0x000000013600e800, 0x0000000135812000, 0x0000000136843000,
0x000000013684a800, 0x000000013684b800, 0x000000013684c800, 0x0000000135865000,
0x000000013601b000, 0x0000000136012000, 0x0000000136846000, 0x0000000135911000,
0x000000013620c800, 0x0000000137bd1000, 0x00000001361ff000, 0x0000000137bd4000,
0x00000001359d3000, 0x0000000137bd7000
}

Java Threads: ( => current thread )
=>0x0000000137809000 JavaThread "main" [_thread_in_vm, id=9731, stack(0x000000016fa10000,0x000000016fc13000)]
  0x000000013600e800 JavaThread "Reference Handler" daemon [_thread_blocked, id=16643, stack(0x0000000170864000,0x0000000170a67000)]
  0x0000000135812000 JavaThread "Finalizer" daemon [_thread_blocked, id=16131, stack(0x0000000170a70000,0x0000000170c73000)]
  0x0000000136843000 JavaThread "Signal Dispatcher" daemon [_thread_blocked, id=22019, stack(0x0000000170d94000,0x0000000170f97000)]
  0x000000013684a800 JavaThread "Service Thread" daemon [_thread_blocked, id=22787, stack(0x0000000170fa0000,0x00000001711a3000)]
  0x000000013684b800 JavaThread "C1 CompilerThread0" daemon [_thread_blocked, id=43011, stack(0x00000001711ac000,0x00000001713af000)]
  0x000000013684c800 JavaThread "Sweeper thread" daemon [_thread_blocked, id=42755, stack(0x00000001713b8000,0x00000001715bb000)]
  0x0000000135865000 JavaThread "Common-Cleaner" daemon [_thread_blocked, id=23811, stack(0x00000001715c4000,0x00000001717c7000)]
  0x000000013601b000 JavaThread "JDWP Transport Listener: dt_socket" daemon [_thread_blocked, id=41475, stack(0x00000001717d0000,0x00000001719d3000)]
  0x0000000136012000 JavaThread "JDWP Event Helper Thread" daemon [_thread_blocked, id=24323, stack(0x00000001719dc000,0x0000000171bdf000)]
  0x0000000136846000 JavaThread "JDWP Command Reader" daemon [_thread_in_native, id=40707, stack(0x0000000171be8000,0x0000000171deb000)]
  0x0000000135911000 JavaThread "RMI TCP Accept-0" daemon [_thread_in_native, id=24835, stack(0x0000000171df4000,0x0000000171ff7000)]
  0x000000013620c800 JavaThread "Attach Listener" daemon [_thread_blocked, id=37899, stack(0x0000000172c48000,0x0000000172e4b000)]
  0x0000000137bd1000 JavaThread "Catalina-utility-1" [_thread_blocked, id=26883, stack(0x0000000173060000,0x0000000173263000)]
  0x00000001361ff000 JavaThread "Catalina-utility-2" [_thread_blocked, id=27651, stack(0x000000017326c000,0x000000017346f000)]
  0x0000000137bd4000 JavaThread "container-0" [_thread_blocked, id=36867, stack(0x0000000173478000,0x000000017367b000)]
  0x00000001359d3000 JavaThread "RMI TCP Connection(1)-192.168.1.5" daemon [_thread_in_native, id=28675, stack(0x0000000173684000,0x0000000173887000)]
  0x0000000137bd7000 JavaThread "RMI Scheduler(0)" daemon [_thread_blocked, id=36355, stack(0x0000000173890000,0x0000000173a93000)]

Other Threads:
  0x000000013683b800 VMThread "VM Thread" [stack: 0x0000000170658000,0x000000017085b000] [id=17155] _threads_hazard_ptr=0x00006000035a5ce0
  0x000000013681a000 WatcherThread [stack: 0x0000000172000000,0x0000000172203000] [id=25091]
  0x0000000137841000 GCTaskThread "GC Thread#0" [stack: 0x000000016fc1c000,0x000000016fe1f000] [id=20227]
  0x0000000135927800 GCTaskThread "GC Thread#1" [stack: 0x000000017220c000,0x000000017240f000] [id=39683]
  0x0000000124808800 GCTaskThread "GC Thread#2" [stack: 0x0000000172418000,0x000000017261b000] [id=25603]
  0x0000000126808800 GCTaskThread "GC Thread#3" [stack: 0x0000000172624000,0x0000000172827000] [id=25859]
  0x0000000126809000 GCTaskThread "GC Thread#4" [stack: 0x0000000172830000,0x0000000172a33000] [id=38659]
  0x0000000126823800 GCTaskThread "GC Thread#5" [stack: 0x0000000172a3c000,0x0000000172c3f000] [id=38403]
  0x0000000136a00800 GCTaskThread "GC Thread#6" [stack: 0x0000000173a9c000,0x0000000173c9f000] [id=36103]
  0x00000001369d3000 GCTaskThread "GC Thread#7" [stack: 0x0000000173ca8000,0x0000000173eab000] [id=29703]
  0x0000000137852000 ConcurrentGCThread "G1 Main Marker" [stack: 0x000000016fe28000,0x000000017002b000] [id=19715]
  0x0000000137852800 ConcurrentGCThread "G1 Conc#0" [stack: 0x0000000170034000,0x0000000170237000] [id=18947]
  0x0000000125880000 ConcurrentGCThread "G1 Conc#1" [stack: 0x0000000172e54000,0x0000000173057000] [id=37379]
  0x00000001378f3000 ConcurrentGCThread "G1 Refine#0" [stack: 0x0000000170240000,0x0000000170443000] [id=11523]
  0x0000000125808800 ConcurrentGCThread "G1 Young RemSet Sampling" [stack: 0x000000017044c000,0x000000017064f000] [id=18179]

Threads with active compile tasks:

VM state:not at safepoint (normal execution)

VM Mutex/Monitor currently owned by a thread: None

Heap address: 0x00000006c0000000, size: 4096 MB, Compressed Oops mode: Zero based, Oop shift amount: 3
Narrow klass base: 0x0000000800000000, Narrow klass shift: 0
Compressed class space size: 1073741824 Address: 0x0000000800000000

Heap:
 garbage-first heap   total 58368K, used 23094K [0x00000006c0000000, 0x00000007c0000000)
  region size 1024K, 16 young (16384K), 7 survivors (7168K)
 Metaspace       used 35632K, capacity 36839K, committed 37040K, reserved 1081344K
  class space    used 4366K, capacity 4847K, committed 4864K, reserved 1048576K
Heap Regions: E=young(eden), S=young(survivor), O=old, HS=humongous(starts), HC=humongous(continues), CS=collection set, F=free, A=archive, TAMS=top-at-mark-start (previous, next)
|   0|0x00000006c0000000, 0x00000006c0100000, 0x00000006c0100000|100%| O|  |TAMS 0x00000006c0100000, 0x00000006c0000000| Untracked 
|   1|0x00000006c0100000, 0x00000006c0200000, 0x00000006c0200000|100%| O|  |TAMS 0x00000006c0200000, 0x00000006c0100000| Untracked 
|   2|0x00000006c0200000, 0x00000006c0283400, 0x00000006c0300000| 51%| O|  |TAMS 0x00000006c0283400, 0x00000006c0200000| Untracked 
|   3|0x00000006c0300000, 0x00000006c0400000, 0x00000006c0400000|100%| O|  |TAMS 0x00000006c0400000, 0x00000006c0300000| Untracked 
|   4|0x00000006c0400000, 0x00000006c0500000, 0x00000006c0500000|100%| O|  |TAMS 0x00000006c0500000, 0x00000006c0400000| Untracked 
|   5|0x00000006c0500000, 0x00000006c0600000, 0x00000006c0600000|100%| O|  |TAMS 0x00000006c0600000, 0x00000006c0500000| Untracked 
|   6|0x00000006c0600000, 0x00000006c0700000, 0x00000006c0700000|100%| O|  |TAMS 0x00000006c0700000, 0x00000006c0600000| Untracked 
|   7|0x00000006c0700000, 0x00000006c0800000, 0x00000006c0800000|100%| O|  |TAMS 0x00000006c0797800, 0x00000006c0700000| Untracked 
|   8|0x00000006c0800000, 0x00000006c087ea00, 0x00000006c0900000| 49%| O|  |TAMS 0x00000006c0800000, 0x00000006c0800000| Untracked 
|   9|0x00000006c0900000, 0x00000006c0900000, 0x00000006c0a00000|  0%| F|  |TAMS 0x00000006c0900000, 0x00000006c0900000| Untracked 
|  10|0x00000006c0a00000, 0x00000006c0a00000, 0x00000006c0b00000|  0%| F|  |TAMS 0x00000006c0a00000, 0x00000006c0a00000| Untracked 
|  11|0x00000006c0b00000, 0x00000006c0b00000, 0x00000006c0c00000|  0%| F|  |TAMS 0x00000006c0b00000, 0x00000006c0b00000| Untracked 
|  12|0x00000006c0c00000, 0x00000006c0c00000, 0x00000006c0d00000|  0%| F|  |TAMS 0x00000006c0c00000, 0x00000006c0c00000| Untracked 
|  13|0x00000006c0d00000, 0x00000006c0d00000, 0x00000006c0e00000|  0%| F|  |TAMS 0x00000006c0d00000, 0x00000006c0d00000| Untracked 
|  14|0x00000006c0e00000, 0x00000006c0e00000, 0x00000006c0f00000|  0%| F|  |TAMS 0x00000006c0e00000, 0x00000006c0e00000| Untracked 
|  15|0x00000006c0f00000, 0x00000006c0f00000, 0x00000006c1000000|  0%| F|  |TAMS 0x00000006c0f00000, 0x00000006c0f00000| Untracked 
|  16|0x00000006c1000000, 0x00000006c1000000, 0x00000006c1100000|  0%| F|  |TAMS 0x00000006c1000000, 0x00000006c1000000| Untracked 
|  17|0x00000006c1100000, 0x00000006c1100000, 0x00000006c1200000|  0%| F|  |TAMS 0x00000006c1100000, 0x00000006c1100000| Untracked 
|  18|0x00000006c1200000, 0x00000006c1200000, 0x00000006c1300000|  0%| F|  |TAMS 0x00000006c1200000, 0x00000006c1200000| Untracked 
|  19|0x00000006c1300000, 0x00000006c1300000, 0x00000006c1400000|  0%| F|  |TAMS 0x00000006c1300000, 0x00000006c1300000| Untracked 
|  20|0x00000006c1400000, 0x00000006c1400000, 0x00000006c1500000|  0%| F|  |TAMS 0x00000006c1400000, 0x00000006c1400000| Untracked 
|  21|0x00000006c1500000, 0x00000006c1500000, 0x00000006c1600000|  0%| F|  |TAMS 0x00000006c1500000, 0x00000006c1500000| Untracked 
|  22|0x00000006c1600000, 0x00000006c1600000, 0x00000006c1700000|  0%| F|  |TAMS 0x00000006c1600000, 0x00000006c1600000| Untracked 
|  23|0x00000006c1700000, 0x00000006c1700000, 0x00000006c1800000|  0%| F|  |TAMS 0x00000006c1700000, 0x00000006c1700000| Untracked 
|  24|0x00000006c1800000, 0x00000006c1800000, 0x00000006c1900000|  0%| F|  |TAMS 0x00000006c1800000, 0x00000006c1800000| Untracked 
|  25|0x00000006c1900000, 0x00000006c1900000, 0x00000006c1a00000|  0%| F|  |TAMS 0x00000006c1900000, 0x00000006c1900000| Untracked 
|  26|0x00000006c1a00000, 0x00000006c1a00000, 0x00000006c1b00000|  0%| F|  |TAMS 0x00000006c1a00000, 0x00000006c1a00000| Untracked 
|  27|0x00000006c1b00000, 0x00000006c1b00000, 0x00000006c1c00000|  0%| F|  |TAMS 0x00000006c1b00000, 0x00000006c1b00000| Untracked 
|  28|0x00000006c1c00000, 0x00000006c1c00000, 0x00000006c1d00000|  0%| F|  |TAMS 0x00000006c1c00000, 0x00000006c1c00000| Untracked 
|  29|0x00000006c1d00000, 0x00000006c1d00000, 0x00000006c1e00000|  0%| F|  |TAMS 0x00000006c1d00000, 0x00000006c1d00000| Untracked 
|  30|0x00000006c1e00000, 0x00000006c1e00000, 0x00000006c1f00000|  0%| F|  |TAMS 0x00000006c1e00000, 0x00000006c1e00000| Untracked 
|  31|0x00000006c1f00000, 0x00000006c1f00000, 0x00000006c2000000|  0%| F|  |TAMS 0x00000006c1f00000, 0x00000006c1f00000| Untracked 
|  32|0x00000006c2000000, 0x00000006c2000000, 0x00000006c2100000|  0%| F|  |TAMS 0x00000006c2000000, 0x00000006c2000000| Untracked 
|  33|0x00000006c2100000, 0x00000006c2100000, 0x00000006c2200000|  0%| F|  |TAMS 0x00000006c2100000, 0x00000006c2100000| Untracked 
|  34|0x00000006c2200000, 0x00000006c2200000, 0x00000006c2300000|  0%| F|  |TAMS 0x00000006c2200000, 0x00000006c2200000| Untracked 
|  35|0x00000006c2300000, 0x00000006c2300000, 0x00000006c2400000|  0%| F|  |TAMS 0x00000006c2300000, 0x00000006c2300000| Untracked 
|  36|0x00000006c2400000, 0x00000006c2400000, 0x00000006c2500000|  0%| F|  |TAMS 0x00000006c2400000, 0x00000006c2400000| Untracked 
|  37|0x00000006c2500000, 0x00000006c2500000, 0x00000006c2600000|  0%| F|  |TAMS 0x00000006c2500000, 0x00000006c2500000| Untracked 
|  38|0x00000006c2600000, 0x00000006c2600000, 0x00000006c2700000|  0%| F|  |TAMS 0x00000006c2600000, 0x00000006c2600000| Untracked 
|  39|0x00000006c2700000, 0x00000006c2700000, 0x00000006c2800000|  0%| F|  |TAMS 0x00000006c2700000, 0x00000006c2700000| Untracked 
|  40|0x00000006c2800000, 0x00000006c2800000, 0x00000006c2900000|  0%| F|  |TAMS 0x00000006c2800000, 0x00000006c2800000| Untracked 
|  41|0x00000006c2900000, 0x00000006c2a00000, 0x00000006c2a00000|100%| E|  |TAMS 0x00000006c2900000, 0x00000006c2900000| Complete 
|  42|0x00000006c2a00000, 0x00000006c2b00000, 0x00000006c2b00000|100%| E|CS|TAMS 0x00000006c2a00000, 0x00000006c2a00000| Complete 
|  43|0x00000006c2b00000, 0x00000006c2c00000, 0x00000006c2c00000|100%| E|CS|TAMS 0x00000006c2b00000, 0x00000006c2b00000| Complete 
|  44|0x00000006c2c00000, 0x00000006c2d00000, 0x00000006c2d00000|100%| E|CS|TAMS 0x00000006c2c00000, 0x00000006c2c00000| Complete 
|  45|0x00000006c2d00000, 0x00000006c2e00000, 0x00000006c2e00000|100%| E|CS|TAMS 0x00000006c2d00000, 0x00000006c2d00000| Complete 
|  46|0x00000006c2e00000, 0x00000006c2f00000, 0x00000006c2f00000|100%| E|CS|TAMS 0x00000006c2e00000, 0x00000006c2e00000| Complete 
|  47|0x00000006c2f00000, 0x00000006c3000000, 0x00000006c3000000|100%| E|CS|TAMS 0x00000006c2f00000, 0x00000006c2f00000| Complete 
|  48|0x00000006c3000000, 0x00000006c3100000, 0x00000006c3100000|100%| E|CS|TAMS 0x00000006c3000000, 0x00000006c3000000| Complete 
| 129|0x00000006c8100000, 0x00000006c818bbc0, 0x00000006c8200000| 54%| S|CS|TAMS 0x00000006c8100000, 0x00000006c8100000| Complete 
| 130|0x00000006c8200000, 0x00000006c8300000, 0x00000006c8300000|100%| S|CS|TAMS 0x00000006c8200000, 0x00000006c8200000| Complete 
| 131|0x00000006c8300000, 0x00000006c8400000, 0x00000006c8400000|100%| S|CS|TAMS 0x00000006c8300000, 0x00000006c8300000| Complete 
| 132|0x00000006c8400000, 0x00000006c8500000, 0x00000006c8500000|100%| S|CS|TAMS 0x00000006c8400000, 0x00000006c8400000| Complete 
| 133|0x00000006c8500000, 0x00000006c8600000, 0x00000006c8600000|100%| S|CS|TAMS 0x00000006c8500000, 0x00000006c8500000| Complete 
| 134|0x00000006c8600000, 0x00000006c8700000, 0x00000006c8700000|100%| S|CS|TAMS 0x00000006c8600000, 0x00000006c8600000| Complete 
| 135|0x00000006c8700000, 0x00000006c8800000, 0x00000006c8800000|100%| S|CS|TAMS 0x00000006c8700000, 0x00000006c8700000| Complete 
| 255|0x00000006cff00000, 0x00000006d0000000, 0x00000006d0000000|100%| E|CS|TAMS 0x00000006cff00000, 0x00000006cff00000| Complete 

Card table byte_map: [0x0000000118a1c000,0x000000011921c000] _byte_map_base: 0x000000011541c000

Marking Bits (Prev, Next): (CMBitMap*) 0x0000000137841618, (CMBitMap*) 0x0000000137841658
 Prev Bits: [0x0000000119a1c000, 0x000000011da1c000)
 Next Bits: [0x000000011da1c000, 0x0000000121a1c000)

Polling page: 0x0000000100500000

Metaspace:

Usage:
  Non-class:     31.24 MB capacity,    30.53 MB ( 98%) used,   590.50 KB (  2%) free+waste,   135.75 KB ( <1%) overhead. 
      Class:      4.73 MB capacity,     4.26 MB ( 90%) used,   411.45 KB (  8%) free+waste,    69.00 KB (  1%) overhead. 
       Both:     35.98 MB capacity,    34.80 MB ( 97%) used,  1001.95 KB (  3%) free+waste,   204.75 KB ( <1%) overhead. 

Virtual space:
  Non-class space:       32.00 MB reserved,      31.42 MB ( 98%) committed 
      Class space:        1.00 GB reserved,       4.75 MB ( <1%) committed 
             Both:        1.03 GB reserved,      36.17 MB (  3%) committed 

Chunk freelists:
   Non-Class:  0 bytes
       Class:  0 bytes
        Both:  0 bytes

MaxMetaspaceSize: unlimited
CompressedClassSpaceSize: 1.00 GB

CodeHeap 'non-profiled nmethods': size=238384Kb used=6787Kb max_used=6787Kb free=231597Kb
 bounds [0x000000010a150000, 0x000000010a800000, 0x0000000118a1c000]
CodeHeap 'non-nmethods': size=7376Kb used=1692Kb max_used=1692Kb free=5683Kb
 bounds [0x0000000109a1c000, 0x0000000109c8c000, 0x000000010a150000]
 total_blobs=4032 nmethods=3575 adapters=395
 compilation: enabled
              stopped_count=0, restarted_count=0
 full_count=0

Compilation events (20 events):
Event: 1.331 Thread 0x000000013684b800 3656       1       org.springframework.beans.PropertyEditorRegistrySupport::setConversionService (6 bytes)
Event: 1.331 Thread 0x000000013684b800 nmethod 3656 0x000000010a7ec410 code [0x000000010a7ec580, 0x000000010a7ec710]
Event: 1.331 Thread 0x000000013684b800 3658       1       org.springframework.beans.factory.support.AbstractBeanFactory::getBean (9 bytes)
Event: 1.331 Thread 0x000000013684b800 nmethod 3658 0x000000010a7ec790 code [0x000000010a7ec940, 0x000000010a7ecac0]
Event: 1.331 Thread 0x000000013684b800 3659       1       org.springframework.boot.context.properties.source.SpringIterableConfigurationPropertySource$Mappings::getConfigurationPropertyNames (74 bytes)
Event: 1.332 Thread 0x000000013684b800 nmethod 3659 0x000000010a7ecb90 code [0x000000010a7ecd40, 0x000000010a7ed1f0]
Event: 1.332 Thread 0x000000013684b800 3660       1       java.lang.ThreadLocal$ThreadLocalMap::cleanSomeSlots (60 bytes)
Event: 1.332 Thread 0x000000013684b800 nmethod 3660 0x000000010a7ed410 code [0x000000010a7ed5c0, 0x000000010a7ed840]
Event: 1.332 Thread 0x000000013684b800 3661       1       org.springframework.beans.factory.config.DependencyDescriptor::getDependencyType (123 bytes)
Event: 1.332 Thread 0x000000013684b800 nmethod 3661 0x000000010a7ed990 code [0x000000010a7edc00, 0x000000010a7ee530]
Event: 1.332 Thread 0x000000013684b800 3662       1       org.springframework.core.MethodParameter::getNestedParameterType (122 bytes)
Event: 1.332 Thread 0x000000013684b800 nmethod 3662 0x000000010a7ee990 code [0x000000010a7eec00, 0x000000010a7ef360]
Event: 1.332 Thread 0x000000013684b800 3663       1       org.springframework.boot.origin.OriginLookup::isImmutable (2 bytes)
Event: 1.333 Thread 0x000000013684b800 nmethod 3663 0x000000010a7ef710 code [0x000000010a7ef880, 0x000000010a7ef9d0]
Event: 1.333 Thread 0x000000013684b800 3664       1       java.util.concurrent.ConcurrentHashMap::keySet (26 bytes)
Event: 1.333 Thread 0x000000013684b800 nmethod 3664 0x000000010a7efa90 code [0x000000010a7efc40, 0x000000010a7efed0]
Event: 1.333 Thread 0x000000013684b800 3665       1       org.springframework.boot.context.properties.source.SpringIterableConfigurationPropertySource$Mappings::containsDescendantOf (93 bytes)
Event: 1.333 Thread 0x000000013684b800 nmethod 3665 0x000000010a7eff90 code [0x000000010a7f01c0, 0x000000010a7f0630]
Event: 1.333 Thread 0x000000013684b800 3666       1       org.springframework.beans.factory.support.AbstractAutowireCapableBeanFactory::getInstantiationStrategy (5 bytes)
Event: 1.333 Thread 0x000000013684b800 nmethod 3666 0x000000010a7f0890 code [0x000000010a7f0a00, 0x000000010a7f0b50]

GC Heap History (16 events):
Event: 0.365 GC heap before
{Heap before GC invocations=0 (full 0):
 garbage-first heap   total 262144K, used 23552K [0x00000006c0000000, 0x00000007c0000000)
  region size 1024K, 24 young (24576K), 0 survivors (0K)
 Metaspace       used 13700K, capacity 14023K, committed 14208K, reserved 1062912K
  class space    used 1432K, capacity 1542K, committed 1664K, reserved 1048576K
}
Event: 0.370 GC heap after
{Heap after GC invocations=1 (full 0):
 garbage-first heap   total 262144K, used 5645K [0x00000006c0000000, 0x00000007c0000000)
  region size 1024K, 3 young (3072K), 3 survivors (3072K)
 Metaspace       used 13700K, capacity 14023K, committed 14208K, reserved 1062912K
  class space    used 1432K, capacity 1542K, committed 1664K, reserved 1048576K
}
Event: 0.571 GC heap before
{Heap before GC invocations=1 (full 0):
 garbage-first heap   total 262144K, used 48653K [0x00000006c0000000, 0x00000007c0000000)
  region size 1024K, 46 young (47104K), 3 survivors (3072K)
 Metaspace       used 20556K, capacity 21094K, committed 21296K, reserved 1069056K
  class space    used 2359K, capacity 2574K, committed 2688K, reserved 1048576K
}
Event: 0.574 GC heap after
{Heap after GC invocations=2 (full 0):
 garbage-first heap   total 262144K, used 7439K [0x00000006c0000000, 0x00000007c0000000)
  region size 1024K, 5 young (5120K), 5 survivors (5120K)
 Metaspace       used 20556K, capacity 21094K, committed 21296K, reserved 1069056K
  class space    used 2359K, capacity 2574K, committed 2688K, reserved 1048576K
}
Event: 0.631 GC heap before
{Heap before GC invocations=3 (full 0):
 garbage-first heap   total 34816K, used 23823K [0x00000006c0000000, 0x00000007c0000000)
  region size 1024K, 22 young (22528K), 5 survivors (5120K)
 Metaspace       used 22598K, capacity 23257K, committed 23600K, reserved 1071104K
  class space    used 2644K, capacity 2894K, committed 2944K, reserved 1048576K
}
Event: 0.635 GC heap after
{Heap after GC invocations=4 (full 0):
 garbage-first heap   total 34816K, used 8100K [0x00000006c0000000, 0x00000007c0000000)
  region size 1024K, 1 young (1024K), 1 survivors (1024K)
 Metaspace       used 22598K, capacity 23257K, committed 23600K, reserved 1071104K
  class space    used 2644K, capacity 2894K, committed 2944K, reserved 1048576K
}
Event: 0.682 GC heap before
{Heap before GC invocations=4 (full 0):
 garbage-first heap   total 34816K, used 23460K [0x00000006c0000000, 0x00000007c0000000)
  region size 1024K, 17 young (17408K), 1 survivors (1024K)
 Metaspace       used 23179K, capacity 23839K, committed 23984K, reserved 1071104K
  class space    used 2718K, capacity 2981K, committed 3072K, reserved 1048576K
}
Event: 0.684 GC heap after
{Heap after GC invocations=5 (full 0):
 garbage-first heap   total 34816K, used 8663K [0x00000006c0000000, 0x00000007c0000000)
  region size 1024K, 2 young (2048K), 2 survivors (2048K)
 Metaspace       used 23179K, capacity 23839K, committed 23984K, reserved 1071104K
  class space    used 2718K, capacity 2981K, committed 3072K, reserved 1048576K
}
Event: 0.686 GC heap before
{Heap before GC invocations=5 (full 0):
 garbage-first heap   total 34816K, used 22999K [0x00000006c0000000, 0x00000007c0000000)
  region size 1024K, 17 young (17408K), 2 survivors (2048K)
 Metaspace       used 23183K, capacity 23839K, committed 23984K, reserved 1071104K
  class space    used 2719K, capacity 2981K, committed 3072K, reserved 1048576K
}
Event: 0.687 GC heap after
{Heap after GC invocations=6 (full 0):
 garbage-first heap   total 148480K, used 8653K [0x00000006c0000000, 0x00000007c0000000)
  region size 1024K, 2 young (2048K), 2 survivors (2048K)
 Metaspace       used 23183K, capacity 23839K, committed 23984K, reserved 1071104K
  class space    used 2719K, capacity 2981K, committed 3072K, reserved 1048576K
}
Event: 1.004 GC heap before
{Heap before GC invocations=6 (full 0):
 garbage-first heap   total 148480K, used 70093K [0x00000006c0000000, 0x00000007c0000000)
  region size 1024K, 63 young (64512K), 2 survivors (2048K)
 Metaspace       used 28567K, capacity 29487K, committed 29744K, reserved 1075200K
  class space    used 3472K, capacity 3859K, committed 3968K, reserved 1048576K
}
Event: 1.009 GC heap after
{Heap after GC invocations=7 (full 0):
 garbage-first heap   total 148480K, used 11174K [0x00000006c0000000, 0x00000007c0000000)
  region size 1024K, 4 young (4096K), 4 survivors (4096K)
 Metaspace       used 28567K, capacity 29487K, committed 29744K, reserved 1075200K
  class space    used 3472K, capacity 3859K, committed 3968K, reserved 1048576K
}
Event: 1.248 GC heap before
{Heap before GC invocations=7 (full 0):
 garbage-first heap   total 148480K, used 95142K [0x00000006c0000000, 0x00000007c0000000)
  region size 1024K, 87 young (89088K), 4 survivors (4096K)
 Metaspace       used 33794K, capacity 34965K, committed 35248K, reserved 1079296K
  class space    used 4102K, capacity 4547K, committed 4608K, reserved 1048576K
}
Event: 1.252 GC heap after
{Heap after GC invocations=8 (full 0):
 garbage-first heap   total 148480K, used 14126K [0x00000006c0000000, 0x00000007c0000000)
  region size 1024K, 7 young (7168K), 7 survivors (7168K)
 Metaspace       used 33794K, capacity 34965K, committed 35248K, reserved 1079296K
  class space    used 4102K, capacity 4547K, committed 4608K, reserved 1048576K
}
Event: 1.283 GC heap before
{Heap before GC invocations=8 (full 0):
 garbage-first heap   total 148480K, used 22318K [0x00000006c0000000, 0x00000007c0000000)
  region size 1024K, 16 young (16384K), 7 survivors (7168K)
 Metaspace       used 34675K, capacity 35798K, committed 35888K, reserved 1081344K
  class space    used 4218K, capacity 4671K, committed 4736K, reserved 1048576K
}
Event: 1.286 GC heap after
{Heap after GC invocations=9 (full 0):
 garbage-first heap   total 148480K, used 14902K [0x00000006c0000000, 0x00000007c0000000)
  region size 1024K, 7 young (7168K), 7 survivors (7168K)
 Metaspace       used 34675K, capacity 35798K, committed 35888K, reserved 1081344K
  class space    used 4218K, capacity 4671K, committed 4736K, reserved 1048576K
}

Deoptimization events (20 events):
Event: 1.331 Thread 0x0000000137809000 DEOPT PACKING pc=0x000000010a561f54 sp=0x000000016fc11780
Event: 1.331 Thread 0x0000000137809000 DEOPT UNPACKING pc=0x0000000109acb47c sp=0x000000016fc115e0 mode 1
Event: 1.331 Thread 0x0000000137809000 DEOPT PACKING pc=0x000000010a63525c sp=0x000000016fc118a0
Event: 1.331 Thread 0x0000000137809000 DEOPT UNPACKING pc=0x0000000109acb47c sp=0x000000016fc11670 mode 1
Event: 1.331 Thread 0x0000000137809000 DEOPT PACKING pc=0x000000010a561f54 sp=0x000000016fc11b40
Event: 1.331 Thread 0x0000000137809000 DEOPT UNPACKING pc=0x0000000109acb47c sp=0x000000016fc119c0 mode 1
Event: 1.331 Thread 0x0000000137809000 DEOPT PACKING pc=0x000000010a561f54 sp=0x000000016fc11b40
Event: 1.331 Thread 0x0000000137809000 DEOPT UNPACKING pc=0x0000000109acb47c sp=0x000000016fc119c0 mode 1
Event: 1.332 Thread 0x0000000137809000 DEOPT PACKING pc=0x000000010a561f54 sp=0x000000016fc11b60
Event: 1.332 Thread 0x0000000137809000 DEOPT UNPACKING pc=0x0000000109acb47c sp=0x000000016fc119e0 mode 1
Event: 1.332 Thread 0x0000000137809000 DEOPT PACKING pc=0x000000010a561f54 sp=0x000000016fc11b60
Event: 1.332 Thread 0x0000000137809000 DEOPT UNPACKING pc=0x0000000109acb47c sp=0x000000016fc119e0 mode 1
Event: 1.333 Thread 0x0000000137809000 DEOPT PACKING pc=0x000000010a561f54 sp=0x000000016fc10c40
Event: 1.333 Thread 0x0000000137809000 DEOPT UNPACKING pc=0x0000000109acb47c sp=0x000000016fc10ac0 mode 1
Event: 1.333 Thread 0x0000000137809000 DEOPT PACKING pc=0x000000010a561f54 sp=0x000000016fc10c40
Event: 1.333 Thread 0x0000000137809000 DEOPT UNPACKING pc=0x0000000109acb47c sp=0x000000016fc10ac0 mode 1
Event: 1.335 Thread 0x0000000137809000 DEOPT PACKING pc=0x000000010a561f54 sp=0x000000016fc11b60
Event: 1.335 Thread 0x0000000137809000 DEOPT UNPACKING pc=0x0000000109acb47c sp=0x000000016fc119e0 mode 1
Event: 1.335 Thread 0x0000000137809000 DEOPT PACKING pc=0x000000010a561f54 sp=0x000000016fc11b60
Event: 1.335 Thread 0x0000000137809000 DEOPT UNPACKING pc=0x0000000109acb47c sp=0x000000016fc119e0 mode 1

Classes unloaded (0 events):
No events

Classes redefined (0 events):
No events

Internal exceptions (20 events):
Event: 1.223 Thread 0x00000001359d3000 Exception <a 'java/lang/NoSuchMethodError'{0x00000006c40a9bf8}: 'long java.lang.invoke.DirectMethodHandle$Holder.invokeStatic(java.lang.Object, long, long)'> (0x00000006c40a9bf8) 
thrown [src/hotspot/share/interpreter/linkResolver.cpp, line 767]
Event: 1.224 Thread 0x00000001359d3000 Exception <a 'java/lang/NoSuchMethodError'{0x00000006c40af820}: 'long java.lang.invoke.DelegatingMethodHandle$Holder.reinvoke_L(java.lang.Object, long, long)'> (0x00000006c40af820) 
thrown [src/hotspot/share/interpreter/linkResolver.cpp, line 767]
Event: 1.225 Thread 0x0000000137bd8000 Exception <a 'java/lang/NoSuchMethodError'{0x00000006c3f18820}: 'java.lang.Object java.lang.invoke.Invokers$Holder.linkToTargetMethod(java.lang.Object, long, java.lang.Object)'> (0x00000006c3f18820) 
thrown [src/hotspot/share/interpreter/linkResolver.cpp, line 767]
Event: 1.225 Thread 0x00000001359d3000 Exception <a 'java/lang/ClassNotFoundException'{0x00000006c40c73f8}: javax/management/remote/rmi/RMIConnectionImpl_Skel> (0x00000006c40c73f8) 
thrown [src/hotspot/share/classfile/systemDictionary.cpp, line 232]
Event: 1.228 Thread 0x0000000137809000 Exception <a 'java/lang/ClassNotFoundException'{0x00000006c3e20948}: java/lang/ObjectCustomizer> (0x00000006c3e20948) 
thrown [src/hotspot/share/classfile/systemDictionary.cpp, line 232]
Event: 1.229 Thread 0x0000000137809000 Exception <a 'java/lang/ClassNotFoundException'{0x00000006c3e41488}: org/springframework/web/servlet/config/annotation/WebMvcConfigurationSupportCustomizer> (0x00000006c3e41488) 
thrown [src/hotspot/share/classfile/systemDictionary.cpp, line 232]
Event: 1.229 Thread 0x0000000137809000 Exception <a 'java/lang/ClassNotFoundException'{0x00000006c3e6e2d8}: org/springframework/web/servlet/config/annotation/DelegatingWebMvcConfigurationCustomizer> (0x00000006c3e6e2d8) 
thrown [src/hotspot/share/classfile/systemDictionary.cpp, line 232]
Event: 1.229 Thread 0x0000000137809000 Exception <a 'java/lang/ClassNotFoundException'{0x00000006c3e94ba8}: org/springframework/boot/autoconfigure/web/servlet/WebMvcAutoConfiguration$EnableWebMvcConfigurationCustomizer> (0x00000006c3e94ba8) 
thrown [src/hotspot/share/classfile/systemDictionary.cpp, line 232]
Event: 1.229 Thread 0x00000001359d3000 Exception <a 'java/lang/reflect/InvocationTargetException'{0x00000006c40fdc78}> (0x00000006c40fdc78) 
thrown [src/hotspot/share/runtime/reflection.cpp, line 1188]
Event: 1.230 Thread 0x0000000137809000 Exception <a 'java/lang/ClassNotFoundException'{0x00000006c3ebb2b8}: org/springframework/context/ResourceLoaderAwareCustomizer> (0x00000006c3ebb2b8) 
thrown [src/hotspot/share/classfile/systemDictionary.cpp, line 232]
Event: 1.230 Thread 0x0000000137809000 Exception <a 'java/lang/ClassNotFoundException'{0x00000006c3ed2518}: org/springframework/beans/factory/AwareCustomizer> (0x00000006c3ed2518) 
thrown [src/hotspot/share/classfile/systemDictionary.cpp, line 232]
Event: 1.230 Thread 0x0000000137809000 Exception <a 'java/lang/ClassNotFoundException'{0x00000006c3eeab38}: org/springframework/context/ApplicationContextAwareCustomizer> (0x00000006c3eeab38) 
thrown [src/hotspot/share/classfile/systemDictionary.cpp, line 232]
Event: 1.230 Thread 0x0000000137809000 Exception <a 'java/lang/ClassNotFoundException'{0x00000006c3d835a8}: org/springframework/beans/factory/AwareCustomizer> (0x00000006c3d835a8) 
thrown [src/hotspot/share/classfile/systemDictionary.cpp, line 232]
Event: 1.230 Thread 0x0000000137809000 Exception <a 'java/lang/ClassNotFoundException'{0x00000006c3d9bba0}: org/springframework/web/context/ServletContextAwareCustomizer> (0x00000006c3d9bba0) 
thrown [src/hotspot/share/classfile/systemDictionary.cpp, line 232]
Event: 1.230 Thread 0x0000000137809000 Exception <a 'java/lang/ClassNotFoundException'{0x00000006c3db3268}: org/springframework/beans/factory/AwareCustomizer> (0x00000006c3db3268) 
thrown [src/hotspot/share/classfile/systemDictionary.cpp, line 232]
Event: 1.231 Thread 0x00000001359d3000 Exception <a 'java/lang/NoSuchMethodError'{0x00000006c3d24cf0}: static [Ljava/lang/StackTraceElement;.<clinit>()V> (0x00000006c3d24cf0) 
thrown [src/hotspot/share/prims/jni.cpp, line 1347]
Event: 1.269 Thread 0x0000000137809000 Exception <a 'java/lang/NoSuchMethodError'{0x00000006cce24c80}: 'void java.lang.invoke.DirectMethodHandle$Holder.invokeVirtual(java.lang.Object, java.lang.Object, int)'> (0x00000006cce24c80) 
thrown [src/hotspot/share/interpreter/linkResolver.cpp, line 767]
Event: 1.270 Thread 0x0000000137809000 Exception <a 'java/lang/NoSuchMethodError'{0x00000006cce3da90}: 'void java.lang.invoke.DirectMethodHandle$Holder.invokeVirtual(java.lang.Object, java.lang.Object, long)'> (0x00000006cce3da90) 
thrown [src/hotspot/share/interpreter/linkResolver.cpp, line 767]
Event: 1.314 Thread 0x0000000137809000 Exception <a 'java/lang/IncompatibleClassChangeError'{0x00000006c2d4cff8}: Found class java.lang.Object, but interface was expected> (0x00000006c2d4cff8) 
thrown [src/hotspot/share/interpreter/linkResolver.cpp, line 833]
Event: 1.322 Thread 0x0000000137809000 Exception <a 'java/lang/NoSuchMethodError'{0x00000006c2ce81d0}: 'int java.lang.invoke.DirectMethodHandle$Holder.invokeStaticInit(java.lang.Object, java.lang.Object, java.lang.Object, java.lang.Object)'> (0x00000006c2ce81d0) 
thrown [src/hotspot/share/interpreter/linkResolver.cpp, line 767]

Events (20 events):
Event: 1.335 loading class org/springframework/boot/autoconfigure/gson/GsonProperties done
Event: 1.335 loading class com/google/gson/GsonBuilder
Event: 1.335 loading class com/google/gson/GsonBuilder done
Event: 1.335 loading class com/google/gson/GsonBuilder
Event: 1.335 loading class com/google/gson/GsonBuilder done
Event: 1.335 loading class org/springframework/boot/autoconfigure/gson/GsonProperties
Event: 1.335 loading class org/springframework/boot/autoconfigure/gson/GsonProperties done
Event: 1.335 loading class com/google/gson/GsonBuilder
Event: 1.335 loading class com/google/gson/GsonBuilder done
Event: 1.335 loading class com/google/gson/GsonBuilder
Event: 1.335 loading class com/google/gson/GsonBuilder done
Event: 1.335 loading class org/springframework/boot/autoconfigure/gson/GsonProperties
Event: 1.335 loading class org/springframework/boot/autoconfigure/gson/GsonProperties done
Event: 1.335 loading class com/google/gson/GsonBuilder
Event: 1.335 loading class com/google/gson/GsonBuilder done
Event: 1.335 loading class com/google/gson/GsonBuilder
Event: 1.335 loading class com/google/gson/GsonBuilder done
Event: 1.335 loading class com/google/gson/ExclusionStrategy
Event: 1.335 loading class com/google/gson/ExclusionStrategy done
Event: 1.335 Executing VM operation: HandshakeAllThreads


Dynamic libraries:
0x00000001004b0000 	/Users/leonidsolanoj/Library/Java/JavaVirtualMachines/azul-13.0.9/Contents/Home/lib/libjli.dylib
0x00000001ac44d000 	/usr/lib/libz.1.dylib
0x00000001ac4fd000 	/usr/lib/libSystem.B.dylib
0x00000001ac4f7000 	/usr/lib/system/libcache.dylib
0x00000001ac4b5000 	/usr/lib/system/libcommonCrypto.dylib
0x00000001ac4de000 	/usr/lib/system/libcompiler_rt.dylib
0x00000001ac4d5000 	/usr/lib/system/libcopyfile.dylib
0x00000001a1836000 	/usr/lib/system/libcorecrypto.dylib
0x00000001a18db000 	/usr/lib/system/libdispatch.dylib
0x00000001a1aa3000 	/usr/lib/system/libdyld.dylib
0x00000001ac4ed000 	/usr/lib/system/libkeymgr.dylib
0x00000001ac497000 	/usr/lib/system/libmacho.dylib
0x00000001abb97000 	/usr/lib/system/libquarantine.dylib
0x00000001ac4ea000 	/usr/lib/system/libremovefile.dylib
0x00000001a6c35000 	/usr/lib/system/libsystem_asl.dylib
0x00000001a17e0000 	/usr/lib/system/libsystem_blocks.dylib
0x00000001a1961000 	/usr/lib/system/libsystem_c.dylib
0x00000001ac4e2000 	/usr/lib/system/libsystem_collections.dylib
0x00000001ab056000 	/usr/lib/system/libsystem_configuration.dylib
0x00000001aa2da000 	/usr/lib/system/libsystem_containermanager.dylib
0x00000001ac1fe000 	/usr/lib/system/libsystem_coreservices.dylib
0x00000001a41c7000 	/usr/lib/system/libsystem_darwin.dylib
0x00000001ac4ee000 	/usr/lib/system/libsystem_dnssd.dylib
0x00000001a195e000 	/usr/lib/system/libsystem_featureflags.dylib
0x00000001a1ab8000 	/usr/lib/system/libsystem_info.dylib
0x00000001ac45f000 	/usr/lib/system/libsystem_m.dylib
0x00000001a18b0000 	/usr/lib/system/libsystem_malloc.dylib
0x00000001a6bc6000 	/usr/lib/system/libsystem_networkextension.dylib
0x00000001a461b000 	/usr/lib/system/libsystem_notify.dylib
0x00000001b2701000 	/usr/lib/system/libsystem_product_info_filter.dylib
0x00000001ab05b000 	/usr/lib/system/libsystem_sandbox.dylib
0x00000001ac4e7000 	/usr/lib/system/libsystem_secinit.dylib
0x00000001a1a60000 	/usr/lib/system/libsystem_kernel.dylib
0x00000001a1ab0000 	/usr/lib/system/libsystem_platform.dylib
0x00000001a1a96000 	/usr/lib/system/libsystem_pthread.dylib
0x00000001a8372000 	/usr/lib/system/libsystem_symptoms.dylib
0x00000001a181c000 	/usr/lib/system/libsystem_trace.dylib
0x00000001ac4c2000 	/usr/lib/system/libunwind.dylib
0x00000001a17e2000 	/usr/lib/system/libxpc.dylib
0x00000001a1a46000 	/usr/lib/libc++abi.dylib
0x00000001a1922000 	/usr/lib/libobjc.A.dylib
0x00000001ac4cd000 	/usr/lib/liboah.dylib
0x00000001a19e2000 	/usr/lib/libc++.1.dylib
0x00000001b8102000 	/System/Library/Frameworks/Cocoa.framework/Versions/A/Cocoa
0x00000001a467b000 	/System/Library/Frameworks/AppKit.framework/Versions/C/AppKit
0x00000001a7bb1000 	/System/Library/Frameworks/CoreData.framework/Versions/A/CoreData
0x00000001a29d8000 	/System/Library/Frameworks/Foundation.framework/Versions/C/Foundation
0x00000001a5532000 	/System/Library/PrivateFrameworks/UIFoundation.framework/Versions/A/UIFoundation
0x00000001b23fb000 	/System/Library/PrivateFrameworks/RemoteViewServices.framework/Versions/A/RemoteViewServices
0x00000001aaa14000 	/System/Library/PrivateFrameworks/XCTTargetBootstrap.framework/Versions/A/XCTTargetBootstrap
0x00000001ae1fe000 	/System/Library/PrivateFrameworks/InternationalSupport.framework/Versions/A/InternationalSupport
0x00000001ae287000 	/System/Library/PrivateFrameworks/UserActivity.framework/Versions/A/UserActivity
0x00000001ad72c000 	/usr/lib/libspindump.dylib
0x00000001a57a2000 	/System/Library/Frameworks/UniformTypeIdentifiers.framework/Versions/A/UniformTypeIdentifiers
0x00000001a8fa1000 	/usr/lib/libapp_launch_measurement.dylib
0x00000001a8519000 	/System/Library/PrivateFrameworks/CoreAnalytics.framework/Versions/A/CoreAnalytics
0x00000001a8fa4000 	/System/Library/PrivateFrameworks/CoreAutoLayout.framework/Versions/A/CoreAutoLayout
0x00000001aa317000 	/System/Library/Frameworks/Metal.framework/Versions/A/Metal
0x00000001ab066000 	/usr/lib/liblangid.dylib
0x00000001aaa18000 	/System/Library/PrivateFrameworks/CoreSVG.framework/Versions/A/CoreSVG
0x00000001a6c69000 	/System/Library/PrivateFrameworks/SkyLight.framework/Versions/A/SkyLight
0x00000001a7036000 	/System/Library/Frameworks/CoreGraphics.framework/Versions/A/CoreGraphics
0x00000001b2a79000 	/System/Library/Frameworks/Accelerate.framework/Versions/A/Accelerate
0x00000001ad1a0000 	/System/Library/PrivateFrameworks/IconServices.framework/Versions/A/IconServices
0x00000001aa2f9000 	/System/Library/Frameworks/IOSurface.framework/Versions/A/IOSurface
0x00000001a8549000 	/usr/lib/libDiagnosticMessagesClient.dylib
0x00000001b5ec2000 	/System/Library/Frameworks/ApplicationServices.framework/Versions/A/ApplicationServices
0x00000001aa9fc000 	/System/Library/PrivateFrameworks/DFRFoundation.framework/Versions/A/DFRFoundation
0x00000001a3f1c000 	/usr/lib/libicucore.A.dylib
0x00000001aefff000 	/System/Library/Frameworks/AudioToolbox.framework/Versions/A/AudioToolbox
0x00000001ae20a000 	/System/Library/PrivateFrameworks/DataDetectorsCore.framework/Versions/A/DataDetectorsCore
0x00000001c4358000 	/System/Library/PrivateFrameworks/TextInput.framework/Versions/A/TextInput
0x00000001a6be0000 	/usr/lib/libMobileGestalt.dylib
0x00000001aa6cc000 	/System/Library/Frameworks/Carbon.framework/Versions/A/Frameworks/HIToolbox.framework/Versions/A/HIToolbox
0x00000001a89aa000 	/System/Library/Frameworks/QuartzCore.framework/Versions/A/QuartzCore
0x00000001a3b99000 	/System/Library/Frameworks/Security.framework/Versions/A/Security
0x00000001b243b000 	/System/Library/Frameworks/Carbon.framework/Versions/A/Frameworks/SpeechRecognition.framework/Versions/A/SpeechRecognition
0x00000001a8cf8000 	/System/Library/PrivateFrameworks/CoreUI.framework/Versions/A/CoreUI
0x00000001a346a000 	/System/Library/Frameworks/CoreAudio.framework/Versions/A/CoreAudio
0x00000001a863d000 	/System/Library/Frameworks/DiskArbitration.framework/Versions/A/DiskArbitration
0x00000001adb11000 	/System/Library/PrivateFrameworks/MultitouchSupport.framework/Versions/A/MultitouchSupport
0x00000001a6bde000 	/usr/lib/libenergytrace.dylib
0x00000001a4545000 	/System/Library/Frameworks/IOKit.framework/Versions/A/IOKit
0x00000001b2824000 	/System/Library/Frameworks/CoreServices.framework/Versions/A/CoreServices
0x00000001a8f31000 	/System/Library/PrivateFrameworks/PerformanceAnalysis.framework/Versions/A/PerformanceAnalysis
0x0000000202f05000 	/System/Library/Frameworks/OpenGL.framework/Versions/A/OpenGL
0x00000001abab7000 	/System/Library/PrivateFrameworks/MobileKeyBag.framework/Versions/A/MobileKeyBag
0x00000001a7646000 	/System/Library/Frameworks/ColorSync.framework/Versions/A/ColorSync
0x00000001a1ae4000 	/System/Library/Frameworks/CoreFoundation.framework/Versions/A/CoreFoundation
0x00000001aac99000 	/System/Library/Frameworks/CoreImage.framework/Versions/A/CoreImage
0x00000001a328d000 	/System/Library/Frameworks/CoreText.framework/Versions/A/CoreText
0x00000001aaa48000 	/System/Library/Frameworks/ImageIO.framework/Versions/A/ImageIO
0x00000001ac503000 	/System/Library/PrivateFrameworks/SoftLinking.framework/Versions/A/SoftLinking
0x00000001a8fee000 	/usr/lib/libxml2.2.dylib
0x00000001ac79c000 	/usr/lib/libcompression.dylib
0x00000001ae157000 	/System/Library/PrivateFrameworks/TextureIO.framework/Versions/A/TextureIO
0x00000001aceba000 	/usr/lib/libate.dylib
0x00000001acd82000 	/usr/lib/liblzma.5.dylib
0x00000001a26cc000 	/System/Library/Frameworks/SystemConfiguration.framework/Versions/A/SystemConfiguration
0x00000001ac4ff000 	/usr/lib/libfakelink.dylib
0x00000001a670d000 	/System/Library/Frameworks/CFNetwork.framework/Versions/A/CFNetwork
0x00000001ac646000 	/usr/lib/libarchive.2.dylib
0x00000001ab062000 	/System/Library/PrivateFrameworks/AppleSystemInfo.framework/Versions/A/AppleSystemInfo
0x00000001abbc2000 	/usr/lib/libbsm.0.dylib
0x00000001a5c45000 	/usr/lib/libnetwork.dylib
0x00000001ac49d000 	/usr/lib/system/libkxld.dylib
0x00000001ab7d9000 	/System/Library/PrivateFrameworks/IOMobileFramebuffer.framework/Versions/A/IOMobileFramebuffer
0x000000021ed36000 	/usr/lib/libCoreEntitlements.dylib
0x00000001ac1e0000 	/System/Library/PrivateFrameworks/AppleFSCompression.framework/Versions/A/AppleFSCompression
0x00000001abbaa000 	/usr/lib/libcoretls.dylib
0x00000001acd9b000 	/usr/lib/libcoretls_cfhelpers.dylib
0x00000001ac797000 	/usr/lib/libpam.2.dylib
0x00000001a7f9a000 	/usr/lib/libsqlite3.dylib
0x00000001ace03000 	/usr/lib/libxar.1.dylib
0x00000001ac1f1000 	/usr/lib/libbz2.1.0.dylib
0x00000001ac504000 	/usr/lib/libpcap.A.dylib
0x00000001a8369000 	/usr/lib/libdns_services.dylib
0x00000001ac76a000 	/usr/lib/libapple_nghttp2.dylib
0x00000001ac541000 	/usr/lib/libiconv.2.dylib
0x00000001ac496000 	/usr/lib/libcharset.1.dylib
0x00000001a8f6d000 	/System/Library/Frameworks/CoreServices.framework/Versions/A/Frameworks/FSEvents.framework/Versions/A/FSEvents
0x00000001a41d2000 	/System/Library/Frameworks/CoreServices.framework/Versions/A/Frameworks/CarbonCore.framework/Versions/A/CarbonCore
0x00000001a85a0000 	/System/Library/Frameworks/CoreServices.framework/Versions/A/Frameworks/Metadata.framework/Versions/A/Metadata
0x00000001ac204000 	/System/Library/Frameworks/CoreServices.framework/Versions/A/Frameworks/OSServices.framework/Versions/A/OSServices
0x00000001ac6cc000 	/System/Library/Frameworks/CoreServices.framework/Versions/A/Frameworks/SearchKit.framework/Versions/A/SearchKit
0x00000001a82f7000 	/System/Library/Frameworks/CoreServices.framework/Versions/A/Frameworks/AE.framework/Versions/A/AE
0x00000001a2028000 	/System/Library/Frameworks/CoreServices.framework/Versions/A/Frameworks/LaunchServices.framework/Versions/A/LaunchServices
0x00000001acd2b000 	/System/Library/Frameworks/CoreServices.framework/Versions/A/Frameworks/DictionaryServices.framework/Versions/A/DictionaryServices
0x00000001a8f7a000 	/System/Library/Frameworks/CoreServices.framework/Versions/A/Frameworks/SharedFileList.framework/Versions/A/SharedFileList
0x00000001abb9a000 	/usr/lib/libCheckFix.dylib
0x00000001a6c4d000 	/System/Library/PrivateFrameworks/TCC.framework/Versions/A/TCC
0x00000001ab068000 	/System/Library/PrivateFrameworks/CoreNLP.framework/Versions/A/CoreNLP
0x00000001a854c000 	/System/Library/PrivateFrameworks/MetadataUtilities.framework/Versions/A/MetadataUtilities
0x00000001a2785000 	/usr/lib/libmecabra.dylib
0x00000001abbd3000 	/usr/lib/libmecab.dylib
0x00000001a2751000 	/usr/lib/libCRFSuite.dylib
0x00000001abc31000 	/usr/lib/libgermantok.dylib
0x00000001ac743000 	/usr/lib/libThaiTokenizer.dylib
0x00000001a8645000 	/System/Library/Frameworks/Accelerate.framework/Versions/A/Frameworks/vImage.framework/Versions/A/vImage
0x00000001b27fb000 	/System/Library/Frameworks/Accelerate.framework/Versions/A/Frameworks/vecLib.framework/Versions/A/vecLib
0x00000001ace47000 	/System/Library/Frameworks/Accelerate.framework/Versions/A/Frameworks/vecLib.framework/Versions/A/libvMisc.dylib
0x00000001ab6e3000 	/System/Library/Frameworks/Accelerate.framework/Versions/A/Frameworks/vecLib.framework/Versions/A/libvDSP.dylib
0x00000001a23ab000 	/System/Library/Frameworks/Accelerate.framework/Versions/A/Frameworks/vecLib.framework/Versions/A/libBLAS.dylib
0x00000001ac86b000 	/System/Library/Frameworks/Accelerate.framework/Versions/A/Frameworks/vecLib.framework/Versions/A/libLAPACK.dylib
0x00000001abc34000 	/System/Library/Frameworks/Accelerate.framework/Versions/A/Frameworks/vecLib.framework/Versions/A/libLinearAlgebra.dylib
0x00000001ac782000 	/System/Library/Frameworks/Accelerate.framework/Versions/A/Frameworks/vecLib.framework/Versions/A/libSparseBLAS.dylib
0x00000001ac866000 	/System/Library/Frameworks/Accelerate.framework/Versions/A/Frameworks/vecLib.framework/Versions/A/libQuadrature.dylib
0x00000001ab15f000 	/System/Library/Frameworks/Accelerate.framework/Versions/A/Frameworks/vecLib.framework/Versions/A/libBNNS.dylib
0x00000001a2669000 	/System/Library/Frameworks/Accelerate.framework/Versions/A/Frameworks/vecLib.framework/Versions/A/libSparse.dylib
0x00000001ab157000 	/System/Library/PrivateFrameworks/LinguisticData.framework/Versions/A/LinguisticData
0x00000001a261f000 	/System/Library/PrivateFrameworks/Lexicon.framework/Versions/A/Lexicon
0x00000001ace3f000 	/usr/lib/libChineseTokenizer.dylib
0x00000001a2dc6000 	/System/Library/PrivateFrameworks/LanguageModeling.framework/Versions/A/LanguageModeling
0x00000001ac745000 	/System/Library/PrivateFrameworks/AppleSauce.framework/Versions/A/AppleSauce
0x00000001ab7c6000 	/System/Library/PrivateFrameworks/CoreEmoji.framework/Versions/A/CoreEmoji
0x00000001ac634000 	/usr/lib/libcmph.dylib
0x00000001a8f4d000 	/System/Library/Frameworks/OpenDirectory.framework/Versions/A/Frameworks/CFOpenDirectory.framework/Versions/A/CFOpenDirectory
0x00000001a8f3d000 	/System/Library/Frameworks/OpenDirectory.framework/Versions/A/OpenDirectory
0x00000001acd9d000 	/System/Library/PrivateFrameworks/APFS.framework/Versions/A/APFS
0x00000001abaf2000 	/System/Library/Frameworks/SecurityFoundation.framework/Versions/A/SecurityFoundation
0x00000001ace11000 	/usr/lib/libutil.dylib
0x00000001a4507000 	/System/Library/PrivateFrameworks/CoreServicesStore.framework/Versions/A/CoreServicesStore
0x00000001ace15000 	/usr/lib/libxslt.1.dylib
0x00000001abb86000 	/System/Library/PrivateFrameworks/BackgroundTaskManagement.framework/Versions/A/BackgroundTaskManagement
0x00000001ae078000 	/System/Library/Frameworks/ImageIO.framework/Versions/A/Resources/libRadiance.dylib
0x00000001ae081000 	/System/Library/Frameworks/ImageIO.framework/Versions/A/Resources/libJPEG.dylib
0x00000001adfd3000 	/System/Library/Frameworks/ImageIO.framework/Versions/A/Resources/libPng.dylib
0x00000001adff5000 	/System/Library/Frameworks/ImageIO.framework/Versions/A/Resources/libTIFF.dylib
0x00000001ae0dc000 	/System/Library/Frameworks/ImageIO.framework/Versions/A/Resources/libGIF.dylib
0x00000001ada21000 	/System/Library/Frameworks/ImageIO.framework/Versions/A/Resources/libJP2.dylib
0x00000001ad166000 	/usr/lib/libexpat.1.dylib
0x00000001ad9dc000 	/System/Library/PrivateFrameworks/AppleJPEG.framework/Versions/A/AppleJPEG
0x00000001aa58b000 	/System/Library/PrivateFrameworks/FontServices.framework/libFontParser.dylib
0x00000001a829c000 	/System/Library/PrivateFrameworks/RunningBoardServices.framework/Versions/A/RunningBoardServices
0x00000001b8778000 	/System/Library/PrivateFrameworks/IOSurfaceAccelerator.framework/Versions/A/IOSurfaceAccelerator
0x00000001adb0d000 	/System/Library/PrivateFrameworks/WatchdogClient.framework/Versions/A/WatchdogClient
0x00000001a2eca000 	/System/Library/Frameworks/CoreDisplay.framework/Versions/A/CoreDisplay
0x00000001aa479000 	/System/Library/Frameworks/CoreMedia.framework/Versions/A/CoreMedia
0x00000001aa30d000 	/System/Library/PrivateFrameworks/IOAccelerator.framework/Versions/A/IOAccelerator
0x00000001a90db000 	/System/Library/Frameworks/CoreVideo.framework/Versions/A/CoreVideo
0x00000001ac795000 	/System/Library/Frameworks/MetalPerformanceShaders.framework/Versions/A/MetalPerformanceShaders
0x00000001adb4a000 	/System/Library/Frameworks/VideoToolbox.framework/Versions/A/VideoToolbox
0x00000001a81e0000 	/System/Library/PrivateFrameworks/BaseBoard.framework/Versions/A/BaseBoard
0x00000001a7f7f000 	/System/Library/PrivateFrameworks/ProtocolBuffer.framework/Versions/A/ProtocolBuffer
0x00000001ae073000 	/System/Library/PrivateFrameworks/GPUWrangler.framework/Versions/A/GPUWrangler
0x00000001ae052000 	/System/Library/PrivateFrameworks/IOPresentment.framework/Versions/A/IOPresentment
0x00000001ae07b000 	/System/Library/PrivateFrameworks/DSExternalDisplay.framework/Versions/A/DSExternalDisplay
0x0000000202ef8000 	/System/Library/Frameworks/OpenGL.framework/Versions/A/Libraries/libCoreFSCache.dylib
0x000000020c6e3000 	/System/Library/PrivateFrameworks/GPUCompiler.framework/Versions/31001/Libraries/libGPUCompilerUtils.dylib
0x00000001ae0e1000 	/System/Library/PrivateFrameworks/CMCaptureCore.framework/Versions/A/CMCaptureCore
0x00000001ad71a000 	/System/Library/PrivateFrameworks/AppServerSupport.framework/Versions/A/AppServerSupport
0x00000001af8ba000 	/System/Library/PrivateFrameworks/perfdata.framework/Versions/A/perfdata
0x00000001a2fea000 	/System/Library/PrivateFrameworks/AudioToolboxCore.framework/Versions/A/AudioToolboxCore
0x00000001aa451000 	/System/Library/PrivateFrameworks/caulk.framework/Versions/A/caulk
0x00000001af1af000 	/usr/lib/libAudioStatistics.dylib
0x00000001c0acc000 	/System/Library/PrivateFrameworks/SystemPolicy.framework/Versions/A/SystemPolicy
0x00000001af40f000 	/usr/lib/libSMC.dylib
0x00000001b7fe4000 	/System/Library/Frameworks/CoreMIDI.framework/Versions/A/CoreMIDI
0x00000001adfa1000 	/usr/lib/libAudioToolboxUtility.dylib
0x00000001bcef9000 	/System/Library/PrivateFrameworks/OSAServicesClient.framework/Versions/A/OSAServicesClient
0x00000001af8c7000 	/usr/lib/libperfcheck.dylib
0x00000001c15d3000 	/usr/lib/libmis.dylib
0x0000000202f59000 	/System/Library/Frameworks/OpenGL.framework/Versions/A/Libraries/libGLU.dylib
0x0000000202f18000 	/System/Library/Frameworks/OpenGL.framework/Versions/A/Libraries/libGFXShared.dylib
0x0000000203102000 	/System/Library/Frameworks/OpenGL.framework/Versions/A/Libraries/libGL.dylib
0x0000000202f21000 	/System/Library/Frameworks/OpenGL.framework/Versions/A/Libraries/libGLImage.dylib
0x0000000202f15000 	/System/Library/Frameworks/OpenGL.framework/Versions/A/Libraries/libCVMSPluginSupport.dylib
0x0000000202eff000 	/System/Library/Frameworks/OpenGL.framework/Versions/A/Libraries/libCoreVMClient.dylib
0x00000001aafe3000 	/System/Library/Frameworks/MetalPerformanceShaders.framework/Versions/A/Frameworks/MPSCore.framework/Versions/A/MPSCore
0x00000001ac153000 	/System/Library/Frameworks/MetalPerformanceShaders.framework/Versions/A/Frameworks/MPSImage.framework/Versions/A/MPSImage
0x00000001abc49000 	/System/Library/Frameworks/MetalPerformanceShaders.framework/Versions/A/Frameworks/MPSNeuralNetwork.framework/Versions/A/MPSNeuralNetwork
0x00000001ac086000 	/System/Library/Frameworks/MetalPerformanceShaders.framework/Versions/A/Frameworks/MPSMatrix.framework/Versions/A/MPSMatrix
0x00000001abe61000 	/System/Library/Frameworks/MetalPerformanceShaders.framework/Versions/A/Frameworks/MPSRayIntersector.framework/Versions/A/MPSRayIntersector
0x00000001ac0b7000 	/System/Library/Frameworks/MetalPerformanceShaders.framework/Versions/A/Frameworks/MPSNDArray.framework/Versions/A/MPSNDArray
0x0000000204c30000 	/System/Library/Frameworks/MetalPerformanceShaders.framework/Versions/A/Frameworks/MPSFunctions.framework/Versions/A/MPSFunctions
0x00000001a2289000 	/System/Library/PrivateFrameworks/MetalTools.framework/Versions/A/MetalTools
0x00000001ab060000 	/System/Library/PrivateFrameworks/AggregateDictionary.framework/Versions/A/AggregateDictionary
0x00000001acf4c000 	/usr/lib/libIOReport.dylib
0x00000001b6fcb000 	/System/Library/PrivateFrameworks/ASEProcessing.framework/Versions/A/ASEProcessing
0x00000001ad2bf000 	/System/Library/PrivateFrameworks/FaceCore.framework/Versions/A/FaceCore
0x00000001ad2b1000 	/System/Library/PrivateFrameworks/GraphVisualizer.framework/Versions/A/GraphVisualizer
0x000000020c5fa000 	/System/Library/PrivateFrameworks/FontServices.framework/Versions/A/FontServices
0x00000001ad6d4000 	/System/Library/PrivateFrameworks/OTSVG.framework/Versions/A/OTSVG
0x00000001a8ca9000 	/System/Library/Frameworks/ApplicationServices.framework/Versions/A/Frameworks/ATS.framework/Versions/A/Resources/libFontRegistry.dylib
0x00000001ad723000 	/System/Library/PrivateFrameworks/FontServices.framework/libhvf.dylib
0x000000020c5fb000 	/System/Library/PrivateFrameworks/FontServices.framework/libXTFontStaticRegistryData.dylib
0x00000002032a4000 	/System/Library/Frameworks/OpenCL.framework/Versions/A/OpenCL
0x00000001ad11a000 	/System/Library/PrivateFrameworks/AppleVA.framework/Versions/A/AppleVA
0x00000001af1d7000 	/System/Library/Frameworks/ApplicationServices.framework/Versions/A/Frameworks/ATS.framework/Versions/A/ATS
0x00000001a7743000 	/System/Library/Frameworks/ApplicationServices.framework/Versions/A/Frameworks/HIServices.framework/Versions/A/HIServices
0x00000001ae0eb000 	/System/Library/Frameworks/ApplicationServices.framework/Versions/A/Frameworks/PrintCore.framework/Versions/A/PrintCore
0x00000001af562000 	/System/Library/Frameworks/ApplicationServices.framework/Versions/A/Frameworks/QD.framework/Versions/A/QD
0x00000001af55a000 	/System/Library/Frameworks/ApplicationServices.framework/Versions/A/Frameworks/ColorSyncLegacy.framework/Versions/A/ColorSyncLegacy
0x00000001af1c3000 	/System/Library/Frameworks/ApplicationServices.framework/Versions/A/Frameworks/SpeechSynthesis.framework/Versions/A/SpeechSynthesis
0x00000001ae0ac000 	/System/Library/Frameworks/ApplicationServices.framework/Versions/A/Frameworks/ATSUI.framework/Versions/A/ATSUI
0x00000001af4ef000 	/usr/lib/libcups.2.dylib
0x00000001af8d5000 	/System/Library/Frameworks/Kerberos.framework/Versions/A/Kerberos
0x00000001af8e6000 	/System/Library/Frameworks/GSS.framework/Versions/A/GSS
0x00000001af246000 	/usr/lib/libresolv.9.dylib
0x00000001ad731000 	/System/Library/PrivateFrameworks/Heimdal.framework/Versions/A/Heimdal
0x00000001b623a000 	/System/Library/Frameworks/Kerberos.framework/Versions/A/Libraries/libHeimdalProxy.dylib
0x00000001a837b000 	/System/Library/Frameworks/Network.framework/Versions/A/Network
0x00000001ad181000 	/usr/lib/libheimdal-asn1.dylib
0x00000001af92c000 	/System/Library/PrivateFrameworks/CommonAuth.framework/Versions/A/CommonAuth
0x00000001af13d000 	/System/Library/PrivateFrameworks/AudioSession.framework/Versions/A/AudioSession
0x00000001ad212000 	/System/Library/PrivateFrameworks/MediaExperience.framework/Versions/A/MediaExperience
0x00000001aefc5000 	/System/Library/PrivateFrameworks/AudioSession.framework/libSessionUtility.dylib
0x00000001af56e000 	/System/Library/PrivateFrameworks/AudioResourceArbitration.framework/Versions/A/AudioResourceArbitration
0x00000001b3679000 	/System/Library/PrivateFrameworks/PowerLog.framework/Versions/A/PowerLog
0x00000001ad18a000 	/System/Library/PrivateFrameworks/IconFoundation.framework/Versions/A/IconFoundation
0x00000001b2427000 	/System/Library/PrivateFrameworks/SpeechRecognitionCore.framework/Versions/A/SpeechRecognitionCore
0x00000001006e0000 	/System/Library/CoreServices/Encodings/libCyrillicConverter.dylib
0x0000000101360000 	/Users/leonidsolanoj/Library/Java/JavaVirtualMachines/azul-13.0.9/Contents/Home/lib/server/libjvm.dylib
0x0000000100514000 	/Users/leonidsolanoj/Library/Java/JavaVirtualMachines/azul-13.0.9/Contents/Home/lib/libverify.dylib
0x0000000100724000 	/Users/leonidsolanoj/Library/Java/JavaVirtualMachines/azul-13.0.9/Contents/Home/lib/libjava.dylib
0x00000001006f0000 	/Users/leonidsolanoj/Library/Java/JavaVirtualMachines/azul-13.0.9/Contents/Home/lib/libjimage.dylib
0x000000010079c000 	/Users/leonidsolanoj/Library/Java/JavaVirtualMachines/azul-13.0.9/Contents/Home/lib/libjdwp.dylib
0x0000000100758000 	/Users/leonidsolanoj/Library/Java/JavaVirtualMachines/azul-13.0.9/Contents/Home/lib/libinstrument.dylib
0x0000000100770000 	/Users/leonidsolanoj/Library/Java/JavaVirtualMachines/azul-13.0.9/Contents/Home/lib/libzip.dylib
0x00000001012c0000 	/Users/leonidsolanoj/Library/Java/JavaVirtualMachines/azul-13.0.9/Contents/Home/lib/libdt_socket.dylib
0x00000001012f4000 	/Users/leonidsolanoj/Library/Java/JavaVirtualMachines/azul-13.0.9/Contents/Home/lib/libnio.dylib
0x0000000101338000 	/Users/leonidsolanoj/Library/Java/JavaVirtualMachines/azul-13.0.9/Contents/Home/lib/libnet.dylib
0x0000000101314000 	/Users/leonidsolanoj/Library/Java/JavaVirtualMachines/azul-13.0.9/Contents/Home/lib/libmanagement.dylib
0x000000012421c000 	/Users/leonidsolanoj/Library/Java/JavaVirtualMachines/azul-13.0.9/Contents/Home/lib/libmanagement_ext.dylib
0x0000000124230000 	/Users/leonidsolanoj/Library/Java/JavaVirtualMachines/azul-13.0.9/Contents/Home/lib/libextnet.dylib
0x0000000124274000 	/Users/leonidsolanoj/Library/Java/JavaVirtualMachines/azul-13.0.9/Contents/Home/lib/libsunec.dylib


VM Arguments:
jvm_args: -agentlib:jdwp=transport=dt_socket,address=127.0.0.1:58769,suspend=y,server=n -XX:TieredStopAtLevel=1 -Xverify:none -Dspring.output.ansi.enabled=always -javaagent:/Users/leonidsolanoj/Library/Caches/JetBrains/IntelliJIdea2021.1/captureAgent/debugger-agent.jar -Dcom.sun.management.jmxremote -Dspring.jmx.enabled=true -Dspring.liveBeansView.mbeanDomain -Dspring.application.admin.enabled=true -Dfile.encoding=UTF-8 
java_command: online.jutter.smartcity.SmartcityApplicationKt
java_class_path (initial): /Users/leonidsolanoj/Documents/pr/Android/smartcity/target/classes:/Users/leonidsolanoj/.m2/repository/org/springframework/boot/spring-boot-starter-web/2.7.1/spring-boot-starter-web-2.7.1.jar:/Users/leonidsolanoj/.m2/repository/org/springframework/boot/spring-boot-starter/2.7.1/spring-boot-starter-2.7.1.jar:/Users/leonidsolanoj/.m2/repository/org/springframework/boot/spring-boot/2.7.1/spring-boot-2.7.1.jar:/Users/leonidsolanoj/.m2/repository/org/springframework/boot/spring-boot-autoconfigure/2.7.1/spring-boot-autoconfigure-2.7.1.jar:/Users/leonidsolanoj/.m2/repository/org/springframework/boot/spring-boot-starter-logging/2.7.1/spring-boot-starter-logging-2.7.1.jar:/Users/leonidsolanoj/.m2/repository/ch/qos/logback/logback-classic/1.2.11/logback-classic-1.2.11.jar:/Users/leonidsolanoj/.m2/repository/ch/qos/logback/logback-core/1.2.11/logback-core-1.2.11.jar:/Users/leonidsolanoj/.m2/repository/org/apache/logging/log4j/log4j-to-slf4j/2.17.2/log4j-to-slf4j-2.17.2.jar:/Users/leonidsolanoj/.m2/repository/org/apache/logging/log4j/log4j-api/2.17.2/log4j-api-2.17.2.jar:/Users/leonidsolanoj/.m2/repository/org/slf4j/jul-to-slf4j/1.7.36/jul-to-slf4j-1.7.36.jar:/Users/leonidsolanoj/.m2/repository/org/yaml/snakeyaml/1.30/snakeyaml-1.30.jar:/Users/leonidsolanoj/.m2/repository/org/springframework/boot/spring-boot-starter-json/2.7.1/spring-boot-starter-json-2.7.1.jar:/Users/leonidsolanoj/.m2/repository/com/fasterxml/jackson/datatype/jackson-datatype-jdk8/2.13.3/jackson-datatype-jdk8-2.13.3.jar:/Users/leonidsolanoj/.m2/repository/com/fasterxml/jackson/datatype/jackson-datatype-jsr310/2.13.3/jackson-datatype-jsr310-2.13.3.jar:/Users/leonidsolanoj/.m2/repository/com/fasterxml/jackson/module/jackson-module-parameter-names/2.13.3/jackson-module-parameter-names-2.13.3.jar:/Users/leonidsolanoj/.m2/repository/org/springframework/spring-web/5.3.21/spring-web-5.3.21.jar:/Users/leonidsolanoj/.m2/repository/org/springframework/spring-beans/5.3.21/spring-beans-5.3.21.
Launcher Type: SUN_STANDARD

[Global flags]
     intx CICompilerCount                          = 4                                         {product} {ergonomic}
     uint ConcGCThreads                            = 2                                         {product} {ergonomic}
     uint G1ConcRefinementThreads                  = 8                                         {product} {ergonomic}
   size_t G1HeapRegionSize                         = 1048576                                   {product} {ergonomic}
    uintx GCDrainStackTargetSize                   = 64                                        {product} {ergonomic}
   size_t InitialHeapSize                          = 268435456                                 {product} {ergonomic}
     bool ManagementServer                         = true                                      {product} {command line}
   size_t MarkStackSize                            = 4194304                                   {product} {ergonomic}
   size_t MaxHeapSize                              = 4294967296                                {product} {ergonomic}
   size_t MaxNewSize                               = 2576351232                                {product} {ergonomic}
   size_t MinHeapDeltaBytes                        = 1048576                                   {product} {ergonomic}
   size_t MinHeapSize                              = 8388608                                   {product} {ergonomic}
    uintx NonNMethodCodeHeapSize                   = 7549744                                {pd product} {ergonomic}
    uintx NonProfiledCodeHeapSize                  = 244108496                              {pd product} {ergonomic}
    uintx ProfiledCodeHeapSize                     = 0                                      {pd product} {ergonomic}
    uintx ReservedCodeCacheSize                    = 251658240                              {pd product} {ergonomic}
     bool SegmentedCodeCache                       = true                                      {product} {ergonomic}
   size_t SoftMaxHeapSize                          = 4294967296                             {manageable} {ergonomic}
     intx TieredStopAtLevel                        = 1                                         {product} {command line}
     bool UseCompressedClassPointers               = true                                 {lp64_product} {ergonomic}
     bool UseCompressedOops                        = true                                 {lp64_product} {ergonomic}
     bool UseG1GC                                  = true                                      {product} {ergonomic}

Logging:
Log output configuration:
 #0: stdout all=warning uptime,level,tags
 #1: stderr all=off uptime,level,tags

Environment Variables:
PATH=/Library/Frameworks/Python.framework/Versions/3.9/bin:/usr/local/bin:/usr/bin:/bin:/usr/sbin:/sbin:/Library/Apple/usr/bin
SHELL=/bin/zsh
LC_CTYPE=ru_RU.UTF-8

Signal Handlers:
SIGSEGV: [libjvm.dylib+0x752188], sa_mask[0]=11111111011111110111111111111111, sa_flags=SA_ONSTACK|SA_RESTART|SA_SIGINFO
SIGBUS: [libjvm.dylib+0x752188], sa_mask[0]=11111111011111110111111111111111, sa_flags=SA_RESTART|SA_SIGINFO
SIGFPE: [libjvm.dylib+0x752188], sa_mask[0]=11111111011111110111111111111111, sa_flags=SA_RESTART|SA_SIGINFO
SIGPIPE: [libjvm.dylib+0x5af440], sa_mask[0]=11111111011111110111111111111111, sa_flags=SA_RESTART|SA_SIGINFO
SIGXFSZ: [libjvm.dylib+0x5af440], sa_mask[0]=11111111011111110111111111111111, sa_flags=SA_RESTART|SA_SIGINFO
SIGILL: [libjvm.dylib+0x752188], sa_mask[0]=11111111011111110111111111111111, sa_flags=SA_RESTART|SA_SIGINFO
SIGUSR2: [libjvm.dylib+0x5afa40], sa_mask[0]=00100000000000000000000000000000, sa_flags=SA_RESTART|SA_SIGINFO
SIGHUP: [libjvm.dylib+0x5ae6c8], sa_mask[0]=11111111011111110111111111111111, sa_flags=SA_RESTART|SA_SIGINFO
SIGINT: [libjvm.dylib+0x5ae6c8], sa_mask[0]=11111111011111110111111111111111, sa_flags=SA_RESTART|SA_SIGINFO
SIGTERM: [libjvm.dylib+0x5ae6c8], sa_mask[0]=11111111011111110111111111111111, sa_flags=SA_RESTART|SA_SIGINFO
SIGQUIT: [libjvm.dylib+0x5ae6c8], sa_mask[0]=11111111011111110111111111111111, sa_flags=SA_RESTART|SA_SIGINFO


---------------  S Y S T E M  ---------------

OS:uname:Darwin 21.3.0 Darwin Kernel Version 21.3.0: Wed Jan  5 21:37:58 PST 2022; root:xnu-8019.80.24~20/RELEASE_ARM64_T8101 arm64
OS uptime: 13 days 23:24 hours
rlimit (soft/hard): STACK 8176k/65520k , CORE 0k/infinity , NPROC 2666/4000 , NOFILE 10240/infinity , AS infinity/infinity , CPU infinity/infinity , DATA infinity/infinity , FSIZE infinity/infinity , MEMLOCK infinity/infinity , RSS infinity/infinity
load average:3.16 2.80 2.55

CPU:total 8 (initial active 8) 0x61:0x0:0x1b588bb3:0, simd, crc, lse

Memory: 16k page, physical 16777216k(71168k free), swap 4194304k(973056k free)

vm_info: OpenJDK 64-Bit Server VM (13.0.9+3-MTS) for bsd-aarch64 JRE (13.0.9+3-MTS) (Zulu13.44+13-CA), built on Oct  7 2021 11:20:54 by "zulu_re" with clang Apple LLVM 12.0.0 (clang-1200.0.32.28)

END.
